<?xml version="1.0" encoding="UTF-8"?>
<TestRun id="34312edd-b54d-43d1-9cac-57ac20031e9f" name="Administrator@HK-DELL-64 2012-08-26 20:58:49" runUser="HK-DELL-64\Administrator" xmlns="http://microsoft.com/schemas/VisualStudio/TeamTest/2010">
  <TestSettings name="Local Test Run" id="39df43ea-ea5b-4fdb-9f62-0bf740b87146">
    <Description>This is a default test run configuration for a local test run.</Description>
    <Deployment runDeploymentRoot="Administrator_HK-DELL-64 2012-08-26 20_58_49">
      <DeploymentItem filename="C:\Users\Administrator\Documents\Visual Studio 2010\Projects\GameOfLife\GOLCore\bin\Debug\GameCoreLib.dll" />
    </Deployment>
    <Execution>
      <TestTypeSpecific>
        <UnitTestRunConfig testTypeId="13cdc9d9-ddb5-4fa4-a97d-d965ccfc6d4b">
          <AssemblyResolution>
            <TestDirectory useLoadContext="true" />
          </AssemblyResolution>
        </UnitTestRunConfig>
        <WebTestRunConfiguration testTypeId="4e7599fa-5ecb-43e9-a887-cd63cf72d207">
          <Browser name="Internet Explorer 7.0">
            <Headers>
              <Header name="User-Agent" value="Mozilla/4.0 (compatible; MSIE 7.0; Windows NT 5.1)" />
              <Header name="Accept" value="*/*" />
              <Header name="Accept-Language" value="{{$IEAcceptLanguage}}" />
              <Header name="Accept-Encoding" value="GZIP" />
            </Headers>
          </Browser>
        </WebTestRunConfiguration>
      </TestTypeSpecific>
      <AgentRule name="LocalMachineDefaultRole">
        <DataCollectors>
          <DataCollector uri="datacollector://Microsoft/CodeCoverage/1.0" assemblyQualifiedName="Microsoft.VisualStudio.TestTools.CodeCoverage.CoveragePlugIn, Microsoft.VisualStudio.QualityTools.Plugins.CodeCoverage, PublicKeyToken=b03f5f7f11d50a3a" friendlyName="Code Coverage">
            <Configuration>
              <CodeCoverage xmlns="">
                <Regular>
                  <CodeCoverageItem binaryFile="C:\Users\Administrator\Documents\Visual Studio 2010\Projects\GameOfLife\GOLCore\bin\Debug\GameCoreLib.dll" pdbFile="C:\Users\Administrator\Documents\Visual Studio 2010\Projects\GameOfLife\GOLCore\bin\Debug\GameCoreLib.instr.pdb" instrumentInPlace="true" />
                </Regular>
              </CodeCoverage>
            </Configuration>
          </DataCollector>
        </DataCollectors>
      </AgentRule>
    </Execution>
  </TestSettings>
  <Times creation="2012-08-26T20:58:49.7782986+05:30" queuing="2012-08-26T20:58:50.2673266+05:30" start="2012-08-26T20:58:50.3353305+05:30" finish="2012-08-26T20:58:53.1594920+05:30" />
  <ResultSummary outcome="Completed">
    <Counters total="26" executed="26" passed="26" error="0" failed="0" timeout="0" aborted="0" inconclusive="0" passedButRunAborted="0" notRunnable="0" notExecuted="0" disconnected="0" warning="0" completed="0" inProgress="0" pending="0" />
    <ResultFiles>
      <ResultFile path="HK-DELL-64\data.coverage" />
    </ResultFiles>
  </ResultSummary>
  <TestDefinitions>
    <UnitTest name="ItemTest" storage="c:\users\administrator\documents\visual studio 2010\projects\gameoflife\gameoflifetest\bin\debug\gameoflifetest.dll" id="59b7587f-17bd-8552-2bcb-304da63770da">
      <Execution id="42f1d4d0-b2d1-4fb9-9c60-66482adbc9d5" />
      <TestMethod codeBase="C:/Users/Administrator/Documents/Visual Studio 2010/Projects/GameOfLife/GameOfLifeTest/bin/Debug/GameOfLifeTest.DLL" adapterTypeName="Microsoft.VisualStudio.TestTools.TestTypes.Unit.UnitTestAdapter, Microsoft.VisualStudio.QualityTools.Tips.UnitTest.Adapter, Version=10.0.0.0, Culture=neutral, PublicKeyToken=b03f5f7f11d50a3a" className="GameOfLifeTest.RowTest, GameOfLifeTest, Version=1.0.0.0, Culture=neutral, PublicKeyToken=null" name="ItemTest" />
    </UnitTest>
    <UnitTest name="InitToadPattern2Test" storage="c:\users\administrator\documents\visual studio 2010\projects\gameoflife\gameoflifetest\bin\debug\gameoflifetest.dll" id="0dada1c1-4f54-dbf4-b044-6474c63dfc7c">
      <Execution id="e60401a9-321e-40d9-a3d4-7d31e282c370" />
      <TestMethod codeBase="C:/Users/Administrator/Documents/Visual Studio 2010/Projects/GameOfLife/GameOfLifeTest/bin/Debug/GameOfLifeTest.DLL" adapterTypeName="Microsoft.VisualStudio.TestTools.TestTypes.Unit.UnitTestAdapter, Microsoft.VisualStudio.QualityTools.Tips.UnitTest.Adapter, Version=10.0.0.0, Culture=neutral, PublicKeyToken=b03f5f7f11d50a3a" className="GameOfLifeTest.PatternsTest, GameOfLifeTest, Version=1.0.0.0, Culture=neutral, PublicKeyToken=null" name="InitToadPattern2Test" />
    </UnitTest>
    <UnitTest name="GameConstructorExceptionTest2" storage="c:\users\administrator\documents\visual studio 2010\projects\gameoflife\gameoflifetest\bin\debug\gameoflifetest.dll" id="fd7bba1b-f231-6023-8a83-0d21f5a3de03">
      <Execution id="3b2604eb-5ee8-4ccb-b407-24a40ff0a8f9" />
      <TestMethod codeBase="C:/Users/Administrator/Documents/Visual Studio 2010/Projects/GameOfLife/GameOfLifeTest/bin/Debug/GameOfLifeTest.DLL" adapterTypeName="Microsoft.VisualStudio.TestTools.TestTypes.Unit.UnitTestAdapter, Microsoft.VisualStudio.QualityTools.Tips.UnitTest.Adapter, Version=10.0.0.0, Culture=neutral, PublicKeyToken=b03f5f7f11d50a3a" className="GameOfLifeTest.GameConstructorTests, GameOfLifeTest, Version=1.0.0.0, Culture=neutral, PublicKeyToken=null" name="GameConstructorExceptionTest2" />
    </UnitTest>
    <UnitTest name="InitToadPattern1Test" storage="c:\users\administrator\documents\visual studio 2010\projects\gameoflife\gameoflifetest\bin\debug\gameoflifetest.dll" id="1992065c-1117-30bc-5c1a-07e20536526d">
      <Execution id="fb30ca6b-b23e-422a-b92c-bf7a7f2c9f8c" />
      <TestMethod codeBase="C:/Users/Administrator/Documents/Visual Studio 2010/Projects/GameOfLife/GameOfLifeTest/bin/Debug/GameOfLifeTest.DLL" adapterTypeName="Microsoft.VisualStudio.TestTools.TestTypes.Unit.UnitTestAdapter, Microsoft.VisualStudio.QualityTools.Tips.UnitTest.Adapter, Version=10.0.0.0, Culture=neutral, PublicKeyToken=b03f5f7f11d50a3a" className="GameOfLifeTest.PatternsTest, GameOfLifeTest, Version=1.0.0.0, Culture=neutral, PublicKeyToken=null" name="InitToadPattern1Test" />
    </UnitTest>
    <UnitTest name="InitBlockPatternTest" storage="c:\users\administrator\documents\visual studio 2010\projects\gameoflife\gameoflifetest\bin\debug\gameoflifetest.dll" id="8452052d-5ff3-ea16-5dac-1dcb70f6f148">
      <Execution id="46ba835d-b5da-4818-ae06-30c658efb0fa" />
      <TestMethod codeBase="C:/Users/Administrator/Documents/Visual Studio 2010/Projects/GameOfLife/GameOfLifeTest/bin/Debug/GameOfLifeTest.DLL" adapterTypeName="Microsoft.VisualStudio.TestTools.TestTypes.Unit.UnitTestAdapter, Microsoft.VisualStudio.QualityTools.Tips.UnitTest.Adapter, Version=10.0.0.0, Culture=neutral, PublicKeyToken=b03f5f7f11d50a3a" className="GameOfLifeTest.PatternsTest, GameOfLifeTest, Version=1.0.0.0, Culture=neutral, PublicKeyToken=null" name="InitBlockPatternTest" />
    </UnitTest>
    <UnitTest name="InitialDefaultValueTest" storage="c:\users\administrator\documents\visual studio 2010\projects\gameoflife\gameoflifetest\bin\debug\gameoflifetest.dll" id="73feb6ec-cd3f-7cc0-dc6e-d629b754bb52">
      <Execution id="0aad8152-783c-4a25-b6ef-d20ac85b623a" />
      <TestMethod codeBase="C:/Users/Administrator/Documents/Visual Studio 2010/Projects/GameOfLife/GameOfLifeTest/bin/Debug/GameOfLifeTest.DLL" adapterTypeName="Microsoft.VisualStudio.TestTools.TestTypes.Unit.UnitTestAdapter, Microsoft.VisualStudio.QualityTools.Tips.UnitTest.Adapter, Version=10.0.0.0, Culture=neutral, PublicKeyToken=b03f5f7f11d50a3a" className="GameOfLifeTest.InitDefaultValueTest, GameOfLifeTest, Version=1.0.0.0, Culture=neutral, PublicKeyToken=null" name="InitialDefaultValueTest" />
    </UnitTest>
    <UnitTest name="AddCellTest" storage="c:\users\administrator\documents\visual studio 2010\projects\gameoflife\gameoflifetest\bin\debug\gameoflifetest.dll" id="be260dab-1393-3e1f-3d71-4af3cf6036b4">
      <Execution id="4b7221ba-57d0-4b7b-8770-db2bbf40bf4b" />
      <TestMethod codeBase="C:/Users/Administrator/Documents/Visual Studio 2010/Projects/GameOfLife/GameOfLifeTest/bin/Debug/GameOfLifeTest.DLL" adapterTypeName="Microsoft.VisualStudio.TestTools.TestTypes.Unit.UnitTestAdapter, Microsoft.VisualStudio.QualityTools.Tips.UnitTest.Adapter, Version=10.0.0.0, Culture=neutral, PublicKeyToken=b03f5f7f11d50a3a" className="GameOfLifeTest.RowTest, GameOfLifeTest, Version=1.0.0.0, Culture=neutral, PublicKeyToken=null" name="AddCellTest" />
    </UnitTest>
    <UnitTest name="ToggleGridCellExceptionTest1" storage="c:\users\administrator\documents\visual studio 2010\projects\gameoflife\gameoflifetest\bin\debug\gameoflifetest.dll" id="26168f01-cdaf-d302-8a67-682c159427c6">
      <Execution id="6ae9f75a-f5cb-492e-839f-bf00e7a09cf7" />
      <TestMethod codeBase="C:/Users/Administrator/Documents/Visual Studio 2010/Projects/GameOfLife/GameOfLifeTest/bin/Debug/GameOfLifeTest.DLL" adapterTypeName="Microsoft.VisualStudio.TestTools.TestTypes.Unit.UnitTestAdapter, Microsoft.VisualStudio.QualityTools.Tips.UnitTest.Adapter, Version=10.0.0.0, Culture=neutral, PublicKeyToken=b03f5f7f11d50a3a" className="GameOfLifeTest.ToggleGridCellTest, GameOfLifeTest, Version=1.0.0.0, Culture=neutral, PublicKeyToken=null" name="ToggleGridCellExceptionTest1" />
    </UnitTest>
    <UnitTest name="InitBoatPatternTest" storage="c:\users\administrator\documents\visual studio 2010\projects\gameoflife\gameoflifetest\bin\debug\gameoflifetest.dll" id="3e6a0444-9544-0a10-3f9f-2671edddfe7c">
      <Execution id="37b86252-61e8-4b33-82ae-db9cf7032ae3" />
      <TestMethod codeBase="C:/Users/Administrator/Documents/Visual Studio 2010/Projects/GameOfLife/GameOfLifeTest/bin/Debug/GameOfLifeTest.DLL" adapterTypeName="Microsoft.VisualStudio.TestTools.TestTypes.Unit.UnitTestAdapter, Microsoft.VisualStudio.QualityTools.Tips.UnitTest.Adapter, Version=10.0.0.0, Culture=neutral, PublicKeyToken=b03f5f7f11d50a3a" className="GameOfLifeTest.PatternsTest, GameOfLifeTest, Version=1.0.0.0, Culture=neutral, PublicKeyToken=null" name="InitBoatPatternTest" />
    </UnitTest>
    <UnitTest name="GameConstructorExceptionTest3" storage="c:\users\administrator\documents\visual studio 2010\projects\gameoflife\gameoflifetest\bin\debug\gameoflifetest.dll" id="99511076-25cd-1389-836f-9fa6d3418980">
      <Execution id="de1b77b0-bb01-4a27-9b1d-1b3a80f1d8b7" />
      <TestMethod codeBase="C:/Users/Administrator/Documents/Visual Studio 2010/Projects/GameOfLife/GameOfLifeTest/bin/Debug/GameOfLifeTest.DLL" adapterTypeName="Microsoft.VisualStudio.TestTools.TestTypes.Unit.UnitTestAdapter, Microsoft.VisualStudio.QualityTools.Tips.UnitTest.Adapter, Version=10.0.0.0, Culture=neutral, PublicKeyToken=b03f5f7f11d50a3a" className="GameOfLifeTest.GameConstructorTests, GameOfLifeTest, Version=1.0.0.0, Culture=neutral, PublicKeyToken=null" name="GameConstructorExceptionTest3" />
    </UnitTest>
    <UnitTest name="ToggleGridCellPositiveTest" storage="c:\users\administrator\documents\visual studio 2010\projects\gameoflife\gameoflifetest\bin\debug\gameoflifetest.dll" id="a7b231a0-99eb-652a-62c3-3d2898d1efa8">
      <Execution id="691360b0-b84b-4eda-a7cd-a8c73e42de0d" />
      <TestMethod codeBase="C:/Users/Administrator/Documents/Visual Studio 2010/Projects/GameOfLife/GameOfLifeTest/bin/Debug/GameOfLifeTest.DLL" adapterTypeName="Microsoft.VisualStudio.TestTools.TestTypes.Unit.UnitTestAdapter, Microsoft.VisualStudio.QualityTools.Tips.UnitTest.Adapter, Version=10.0.0.0, Culture=neutral, PublicKeyToken=b03f5f7f11d50a3a" className="GameOfLifeTest.ToggleGridCellTest, GameOfLifeTest, Version=1.0.0.0, Culture=neutral, PublicKeyToken=null" name="ToggleGridCellPositiveTest" />
    </UnitTest>
    <UnitTest name="GameConstructorPositiveTest" storage="c:\users\administrator\documents\visual studio 2010\projects\gameoflife\gameoflifetest\bin\debug\gameoflifetest.dll" id="83d983ff-ce56-c4f8-e72f-3d9eb17c869a">
      <Execution id="ad373ee3-22b9-41d1-b199-98ff5cc9ac15" />
      <TestMethod codeBase="C:/Users/Administrator/Documents/Visual Studio 2010/Projects/GameOfLife/GameOfLifeTest/bin/Debug/GameOfLifeTest.DLL" adapterTypeName="Microsoft.VisualStudio.TestTools.TestTypes.Unit.UnitTestAdapter, Microsoft.VisualStudio.QualityTools.Tips.UnitTest.Adapter, Version=10.0.0.0, Culture=neutral, PublicKeyToken=b03f5f7f11d50a3a" className="GameOfLifeTest.GameConstructorTests, GameOfLifeTest, Version=1.0.0.0, Culture=neutral, PublicKeyToken=null" name="GameConstructorPositiveTest" />
    </UnitTest>
    <UnitTest name="InitBlinkerPatternTest" storage="c:\users\administrator\documents\visual studio 2010\projects\gameoflife\gameoflifetest\bin\debug\gameoflifetest.dll" id="b8fa45f9-9387-b0dc-4f72-37c3abba962b">
      <Execution id="8e103f59-d07a-4fca-a941-d8e381184c9c" />
      <TestMethod codeBase="C:/Users/Administrator/Documents/Visual Studio 2010/Projects/GameOfLife/GameOfLifeTest/bin/Debug/GameOfLifeTest.DLL" adapterTypeName="Microsoft.VisualStudio.TestTools.TestTypes.Unit.UnitTestAdapter, Microsoft.VisualStudio.QualityTools.Tips.UnitTest.Adapter, Version=10.0.0.0, Culture=neutral, PublicKeyToken=b03f5f7f11d50a3a" className="GameOfLifeTest.PatternsTest, GameOfLifeTest, Version=1.0.0.0, Culture=neutral, PublicKeyToken=null" name="InitBlinkerPatternTest" />
    </UnitTest>
    <UnitTest name="ToggleGridCellExcecptinoTest2" storage="c:\users\administrator\documents\visual studio 2010\projects\gameoflife\gameoflifetest\bin\debug\gameoflifetest.dll" id="436d9c9b-4825-ba49-13b5-04c29b970ba0">
      <Execution id="c639ce5d-37ac-4c14-9298-3e1bddbdb512" />
      <TestMethod codeBase="C:/Users/Administrator/Documents/Visual Studio 2010/Projects/GameOfLife/GameOfLifeTest/bin/Debug/GameOfLifeTest.DLL" adapterTypeName="Microsoft.VisualStudio.TestTools.TestTypes.Unit.UnitTestAdapter, Microsoft.VisualStudio.QualityTools.Tips.UnitTest.Adapter, Version=10.0.0.0, Culture=neutral, PublicKeyToken=b03f5f7f11d50a3a" className="GameOfLifeTest.ToggleGridCellTest, GameOfLifeTest, Version=1.0.0.0, Culture=neutral, PublicKeyToken=null" name="ToggleGridCellExcecptinoTest2" />
    </UnitTest>
    <UnitTest name="InitPeriod15OscillatorTest" storage="c:\users\administrator\documents\visual studio 2010\projects\gameoflife\gameoflifetest\bin\debug\gameoflifetest.dll" id="98f1d781-59b9-c9e1-8bcc-57f033e93b88">
      <Execution id="fe2ad7a2-9a45-4b24-8de5-5218a9ae9c83" />
      <TestMethod codeBase="C:/Users/Administrator/Documents/Visual Studio 2010/Projects/GameOfLife/GameOfLifeTest/bin/Debug/GameOfLifeTest.DLL" adapterTypeName="Microsoft.VisualStudio.TestTools.TestTypes.Unit.UnitTestAdapter, Microsoft.VisualStudio.QualityTools.Tips.UnitTest.Adapter, Version=10.0.0.0, Culture=neutral, PublicKeyToken=b03f5f7f11d50a3a" className="GameOfLifeTest.PatternsTest, GameOfLifeTest, Version=1.0.0.0, Culture=neutral, PublicKeyToken=null" name="InitPeriod15OscillatorTest" />
    </UnitTest>
    <UnitTest name="MaxGenerationTest" storage="c:\users\administrator\documents\visual studio 2010\projects\gameoflife\gameoflifetest\bin\debug\gameoflifetest.dll" id="a6524bdf-0d49-4b2e-0924-c4cda9472426">
      <Execution id="d2fcf3b4-5d17-4b1d-a739-06468f168f08" />
      <TestMethod codeBase="C:/Users/Administrator/Documents/Visual Studio 2010/Projects/GameOfLife/GameOfLifeTest/bin/Debug/GameOfLifeTest.DLL" adapterTypeName="Microsoft.VisualStudio.TestTools.TestTypes.Unit.UnitTestAdapter, Microsoft.VisualStudio.QualityTools.Tips.UnitTest.Adapter, Version=10.0.0.0, Culture=neutral, PublicKeyToken=b03f5f7f11d50a3a" className="GameOfLifeTest.MaxGenerationsTest, GameOfLifeTest, Version=1.0.0.0, Culture=neutral, PublicKeyToken=null" name="MaxGenerationTest" />
    </UnitTest>
    <UnitTest name="CellsTest" storage="c:\users\administrator\documents\visual studio 2010\projects\gameoflife\gameoflifetest\bin\debug\gameoflifetest.dll" id="d611ca36-52f8-2f5f-2b40-bea4e43bae75">
      <Execution id="b3c1f577-51f6-4be6-bc95-7f82c5ae3157" />
      <TestMethod codeBase="C:/Users/Administrator/Documents/Visual Studio 2010/Projects/GameOfLife/GameOfLifeTest/bin/Debug/GameOfLifeTest.DLL" adapterTypeName="Microsoft.VisualStudio.TestTools.TestTypes.Unit.UnitTestAdapter, Microsoft.VisualStudio.QualityTools.Tips.UnitTest.Adapter, Version=10.0.0.0, Culture=neutral, PublicKeyToken=b03f5f7f11d50a3a" className="GameOfLifeTest.RowTest, GameOfLifeTest, Version=1.0.0.0, Culture=neutral, PublicKeyToken=null" name="CellsTest" />
    </UnitTest>
    <UnitTest name="ToggleGridCellExceptionTest2" storage="c:\users\administrator\documents\visual studio 2010\projects\gameoflife\gameoflifetest\bin\debug\gameoflifetest.dll" id="028e4207-5c44-a5e6-597e-24467ec1b28d">
      <Execution id="e31c49c0-4565-431f-83d5-0e3566eadf3b" />
      <TestMethod codeBase="C:/Users/Administrator/Documents/Visual Studio 2010/Projects/GameOfLife/GameOfLifeTest/bin/Debug/GameOfLifeTest.DLL" adapterTypeName="Microsoft.VisualStudio.TestTools.TestTypes.Unit.UnitTestAdapter, Microsoft.VisualStudio.QualityTools.Tips.UnitTest.Adapter, Version=10.0.0.0, Culture=neutral, PublicKeyToken=b03f5f7f11d50a3a" className="GameOfLifeTest.ToggleGridCellTest, GameOfLifeTest, Version=1.0.0.0, Culture=neutral, PublicKeyToken=null" name="ToggleGridCellExceptionTest2" />
    </UnitTest>
    <UnitTest name="giveInvalidRow_shouldRaiseException" storage="c:\users\administrator\documents\visual studio 2010\projects\gameoflife\gameoflifetest\bin\debug\gameoflifetest.dll" id="b40e61ae-49bf-f0a7-027f-bd40ca0d3e7f">
      <Execution id="c99349da-7643-4c11-9b0c-fe9251fbd612" />
      <TestMethod codeBase="C:/Users/Administrator/Documents/Visual Studio 2010/Projects/GameOfLife/GameOfLifeTest/bin/Debug/GameOfLifeTest.DLL" adapterTypeName="Microsoft.VisualStudio.TestTools.TestTypes.Unit.UnitTestAdapter, Microsoft.VisualStudio.QualityTools.Tips.UnitTest.Adapter, Version=10.0.0.0, Culture=neutral, PublicKeyToken=b03f5f7f11d50a3a" className="GameOfLifeTest.GridTest, GameOfLifeTest, Version=1.0.0.0, Culture=neutral, PublicKeyToken=null" name="giveInvalidRow_shouldRaiseException" />
    </UnitTest>
    <UnitTest name="giveInvalidColumn_shouldRaiseException" storage="c:\users\administrator\documents\visual studio 2010\projects\gameoflife\gameoflifetest\bin\debug\gameoflifetest.dll" id="d227659d-ffbd-5ae7-e3ba-3608ce7c82ff">
      <Execution id="0987ac10-9df4-42a6-ae18-16b933b03cbd" />
      <TestMethod codeBase="C:/Users/Administrator/Documents/Visual Studio 2010/Projects/GameOfLife/GameOfLifeTest/bin/Debug/GameOfLifeTest.DLL" adapterTypeName="Microsoft.VisualStudio.TestTools.TestTypes.Unit.UnitTestAdapter, Microsoft.VisualStudio.QualityTools.Tips.UnitTest.Adapter, Version=10.0.0.0, Culture=neutral, PublicKeyToken=b03f5f7f11d50a3a" className="GameOfLifeTest.GridTest, GameOfLifeTest, Version=1.0.0.0, Culture=neutral, PublicKeyToken=null" name="giveInvalidColumn_shouldRaiseException" />
    </UnitTest>
    <UnitTest name="GridConstructorPositiveTest" storage="c:\users\administrator\documents\visual studio 2010\projects\gameoflife\gameoflifetest\bin\debug\gameoflifetest.dll" id="a407f6d9-60d8-7924-dbf2-f40c7b95082f">
      <Execution id="033ee67d-6f5a-4594-ba20-33011e4dfe53" />
      <TestMethod codeBase="C:/Users/Administrator/Documents/Visual Studio 2010/Projects/GameOfLife/GameOfLifeTest/bin/Debug/GameOfLifeTest.DLL" adapterTypeName="Microsoft.VisualStudio.TestTools.TestTypes.Unit.UnitTestAdapter, Microsoft.VisualStudio.QualityTools.Tips.UnitTest.Adapter, Version=10.0.0.0, Culture=neutral, PublicKeyToken=b03f5f7f11d50a3a" className="GameOfLifeTest.GridTest, GameOfLifeTest, Version=1.0.0.0, Culture=neutral, PublicKeyToken=null" name="GridConstructorPositiveTest" />
    </UnitTest>
    <UnitTest name="InsertCellTest" storage="c:\users\administrator\documents\visual studio 2010\projects\gameoflife\gameoflifetest\bin\debug\gameoflifetest.dll" id="23b4ede8-8a06-3516-c35c-77f327f1726f">
      <Execution id="7b2c712d-a297-484b-906e-052e997e809f" />
      <TestMethod codeBase="C:/Users/Administrator/Documents/Visual Studio 2010/Projects/GameOfLife/GameOfLifeTest/bin/Debug/GameOfLifeTest.DLL" adapterTypeName="Microsoft.VisualStudio.TestTools.TestTypes.Unit.UnitTestAdapter, Microsoft.VisualStudio.QualityTools.Tips.UnitTest.Adapter, Version=10.0.0.0, Culture=neutral, PublicKeyToken=b03f5f7f11d50a3a" className="GameOfLifeTest.RowTest, GameOfLifeTest, Version=1.0.0.0, Culture=neutral, PublicKeyToken=null" name="InsertCellTest" />
    </UnitTest>
    <UnitTest name="InitDiamondPatternTest" storage="c:\users\administrator\documents\visual studio 2010\projects\gameoflife\gameoflifetest\bin\debug\gameoflifetest.dll" id="a524b24d-7596-51e6-7e5d-8fcb0ceb738e">
      <Execution id="e8cac619-f193-4774-8ee6-b31e61d9e374" />
      <TestMethod codeBase="C:/Users/Administrator/Documents/Visual Studio 2010/Projects/GameOfLife/GameOfLifeTest/bin/Debug/GameOfLifeTest.DLL" adapterTypeName="Microsoft.VisualStudio.TestTools.TestTypes.Unit.UnitTestAdapter, Microsoft.VisualStudio.QualityTools.Tips.UnitTest.Adapter, Version=10.0.0.0, Culture=neutral, PublicKeyToken=b03f5f7f11d50a3a" className="GameOfLifeTest.PatternsTest, GameOfLifeTest, Version=1.0.0.0, Culture=neutral, PublicKeyToken=null" name="InitDiamondPatternTest" />
    </UnitTest>
    <UnitTest name="GridConstructorExceptionTest1" storage="c:\users\administrator\documents\visual studio 2010\projects\gameoflife\gameoflifetest\bin\debug\gameoflifetest.dll" id="4e03fe62-f08b-34c8-fae1-2669792ee28a">
      <Execution id="c44fb422-2560-4c09-9bbf-8cfe37e332c0" />
      <TestMethod codeBase="C:/Users/Administrator/Documents/Visual Studio 2010/Projects/GameOfLife/GameOfLifeTest/bin/Debug/GameOfLifeTest.DLL" adapterTypeName="Microsoft.VisualStudio.TestTools.TestTypes.Unit.UnitTestAdapter, Microsoft.VisualStudio.QualityTools.Tips.UnitTest.Adapter, Version=10.0.0.0, Culture=neutral, PublicKeyToken=b03f5f7f11d50a3a" className="GameOfLifeTest.GridTest, GameOfLifeTest, Version=1.0.0.0, Culture=neutral, PublicKeyToken=null" name="GridConstructorExceptionTest1" />
    </UnitTest>
    <UnitTest name="GameConstructorExceptionTest1" storage="c:\users\administrator\documents\visual studio 2010\projects\gameoflife\gameoflifetest\bin\debug\gameoflifetest.dll" id="18ad5ba6-93ce-a5ee-b076-e331a0fe673a">
      <Execution id="350cc589-e730-4f18-b077-0128d2abdd86" />
      <TestMethod codeBase="C:/Users/Administrator/Documents/Visual Studio 2010/Projects/GameOfLife/GameOfLifeTest/bin/Debug/GameOfLifeTest.DLL" adapterTypeName="Microsoft.VisualStudio.TestTools.TestTypes.Unit.UnitTestAdapter, Microsoft.VisualStudio.QualityTools.Tips.UnitTest.Adapter, Version=10.0.0.0, Culture=neutral, PublicKeyToken=b03f5f7f11d50a3a" className="GameOfLifeTest.GameConstructorTests, GameOfLifeTest, Version=1.0.0.0, Culture=neutral, PublicKeyToken=null" name="GameConstructorExceptionTest1" />
    </UnitTest>
    <UnitTest name="InitQueenBeeShuttleTest" storage="c:\users\administrator\documents\visual studio 2010\projects\gameoflife\gameoflifetest\bin\debug\gameoflifetest.dll" id="3c3c0538-34f5-e536-168e-11044a749a1d">
      <Execution id="c9bb5c66-e1bf-47a4-b6b5-abac928d1d2e" />
      <TestMethod codeBase="C:/Users/Administrator/Documents/Visual Studio 2010/Projects/GameOfLife/GameOfLifeTest/bin/Debug/GameOfLifeTest.DLL" adapterTypeName="Microsoft.VisualStudio.TestTools.TestTypes.Unit.UnitTestAdapter, Microsoft.VisualStudio.QualityTools.Tips.UnitTest.Adapter, Version=10.0.0.0, Culture=neutral, PublicKeyToken=b03f5f7f11d50a3a" className="GameOfLifeTest.PatternsTest, GameOfLifeTest, Version=1.0.0.0, Culture=neutral, PublicKeyToken=null" name="InitQueenBeeShuttleTest" />
    </UnitTest>
  </TestDefinitions>
  <TestLists>
    <TestList name="Results Not in a List" id="8c84fa94-04c1-424b-9868-57a2d4851a1d" />
    <TestList name="All Loaded Results" id="19431567-8539-422a-85d7-44ee4e166bda" />
  </TestLists>
  <TestEntries>
    <TestEntry testId="83d983ff-ce56-c4f8-e72f-3d9eb17c869a" executionId="ad373ee3-22b9-41d1-b199-98ff5cc9ac15" testListId="8c84fa94-04c1-424b-9868-57a2d4851a1d" />
    <TestEntry testId="18ad5ba6-93ce-a5ee-b076-e331a0fe673a" executionId="350cc589-e730-4f18-b077-0128d2abdd86" testListId="8c84fa94-04c1-424b-9868-57a2d4851a1d" />
    <TestEntry testId="fd7bba1b-f231-6023-8a83-0d21f5a3de03" executionId="3b2604eb-5ee8-4ccb-b407-24a40ff0a8f9" testListId="8c84fa94-04c1-424b-9868-57a2d4851a1d" />
    <TestEntry testId="99511076-25cd-1389-836f-9fa6d3418980" executionId="de1b77b0-bb01-4a27-9b1d-1b3a80f1d8b7" testListId="8c84fa94-04c1-424b-9868-57a2d4851a1d" />
    <TestEntry testId="a7b231a0-99eb-652a-62c3-3d2898d1efa8" executionId="691360b0-b84b-4eda-a7cd-a8c73e42de0d" testListId="8c84fa94-04c1-424b-9868-57a2d4851a1d" />
    <TestEntry testId="26168f01-cdaf-d302-8a67-682c159427c6" executionId="6ae9f75a-f5cb-492e-839f-bf00e7a09cf7" testListId="8c84fa94-04c1-424b-9868-57a2d4851a1d" />
    <TestEntry testId="436d9c9b-4825-ba49-13b5-04c29b970ba0" executionId="c639ce5d-37ac-4c14-9298-3e1bddbdb512" testListId="8c84fa94-04c1-424b-9868-57a2d4851a1d" />
    <TestEntry testId="028e4207-5c44-a5e6-597e-24467ec1b28d" executionId="e31c49c0-4565-431f-83d5-0e3566eadf3b" testListId="8c84fa94-04c1-424b-9868-57a2d4851a1d" />
    <TestEntry testId="8452052d-5ff3-ea16-5dac-1dcb70f6f148" executionId="46ba835d-b5da-4818-ae06-30c658efb0fa" testListId="8c84fa94-04c1-424b-9868-57a2d4851a1d" />
    <TestEntry testId="3e6a0444-9544-0a10-3f9f-2671edddfe7c" executionId="37b86252-61e8-4b33-82ae-db9cf7032ae3" testListId="8c84fa94-04c1-424b-9868-57a2d4851a1d" />
    <TestEntry testId="b8fa45f9-9387-b0dc-4f72-37c3abba962b" executionId="8e103f59-d07a-4fca-a941-d8e381184c9c" testListId="8c84fa94-04c1-424b-9868-57a2d4851a1d" />
    <TestEntry testId="1992065c-1117-30bc-5c1a-07e20536526d" executionId="fb30ca6b-b23e-422a-b92c-bf7a7f2c9f8c" testListId="8c84fa94-04c1-424b-9868-57a2d4851a1d" />
    <TestEntry testId="0dada1c1-4f54-dbf4-b044-6474c63dfc7c" executionId="e60401a9-321e-40d9-a3d4-7d31e282c370" testListId="8c84fa94-04c1-424b-9868-57a2d4851a1d" />
    <TestEntry testId="a524b24d-7596-51e6-7e5d-8fcb0ceb738e" executionId="e8cac619-f193-4774-8ee6-b31e61d9e374" testListId="8c84fa94-04c1-424b-9868-57a2d4851a1d" />
    <TestEntry testId="3c3c0538-34f5-e536-168e-11044a749a1d" executionId="c9bb5c66-e1bf-47a4-b6b5-abac928d1d2e" testListId="8c84fa94-04c1-424b-9868-57a2d4851a1d" />
    <TestEntry testId="98f1d781-59b9-c9e1-8bcc-57f033e93b88" executionId="fe2ad7a2-9a45-4b24-8de5-5218a9ae9c83" testListId="8c84fa94-04c1-424b-9868-57a2d4851a1d" />
    <TestEntry testId="a6524bdf-0d49-4b2e-0924-c4cda9472426" executionId="d2fcf3b4-5d17-4b1d-a739-06468f168f08" testListId="8c84fa94-04c1-424b-9868-57a2d4851a1d" />
    <TestEntry testId="73feb6ec-cd3f-7cc0-dc6e-d629b754bb52" executionId="0aad8152-783c-4a25-b6ef-d20ac85b623a" testListId="8c84fa94-04c1-424b-9868-57a2d4851a1d" />
    <TestEntry testId="a407f6d9-60d8-7924-dbf2-f40c7b95082f" executionId="033ee67d-6f5a-4594-ba20-33011e4dfe53" testListId="8c84fa94-04c1-424b-9868-57a2d4851a1d" />
    <TestEntry testId="4e03fe62-f08b-34c8-fae1-2669792ee28a" executionId="c44fb422-2560-4c09-9bbf-8cfe37e332c0" testListId="8c84fa94-04c1-424b-9868-57a2d4851a1d" />
    <TestEntry testId="b40e61ae-49bf-f0a7-027f-bd40ca0d3e7f" executionId="c99349da-7643-4c11-9b0c-fe9251fbd612" testListId="8c84fa94-04c1-424b-9868-57a2d4851a1d" />
    <TestEntry testId="d227659d-ffbd-5ae7-e3ba-3608ce7c82ff" executionId="0987ac10-9df4-42a6-ae18-16b933b03cbd" testListId="8c84fa94-04c1-424b-9868-57a2d4851a1d" />
    <TestEntry testId="be260dab-1393-3e1f-3d71-4af3cf6036b4" executionId="4b7221ba-57d0-4b7b-8770-db2bbf40bf4b" testListId="8c84fa94-04c1-424b-9868-57a2d4851a1d" />
    <TestEntry testId="23b4ede8-8a06-3516-c35c-77f327f1726f" executionId="7b2c712d-a297-484b-906e-052e997e809f" testListId="8c84fa94-04c1-424b-9868-57a2d4851a1d" />
    <TestEntry testId="d611ca36-52f8-2f5f-2b40-bea4e43bae75" executionId="b3c1f577-51f6-4be6-bc95-7f82c5ae3157" testListId="8c84fa94-04c1-424b-9868-57a2d4851a1d" />
    <TestEntry testId="59b7587f-17bd-8552-2bcb-304da63770da" executionId="42f1d4d0-b2d1-4fb9-9c60-66482adbc9d5" testListId="8c84fa94-04c1-424b-9868-57a2d4851a1d" />
  </TestEntries>
  <Results>
    <UnitTestResult executionId="ad373ee3-22b9-41d1-b199-98ff5cc9ac15" testId="83d983ff-ce56-c4f8-e72f-3d9eb17c869a" testName="GameConstructorPositiveTest" computerName="HK-DELL-64" duration="00:00:00.0380297" startTime="2012-08-26T20:58:51.2013800+05:30" endTime="2012-08-26T20:58:51.4773958+05:30" testType="13cdc9d9-ddb5-4fa4-a97d-d965ccfc6d4b" outcome="Passed" testListId="8c84fa94-04c1-424b-9868-57a2d4851a1d" relativeResultsDirectory="ad373ee3-22b9-41d1-b199-98ff5cc9ac15">
    </UnitTestResult>
    <UnitTestResult executionId="350cc589-e730-4f18-b077-0128d2abdd86" testId="18ad5ba6-93ce-a5ee-b076-e331a0fe673a" testName="GameConstructorExceptionTest1" computerName="HK-DELL-64" duration="00:00:00.0046761" startTime="2012-08-26T20:58:51.4793959+05:30" endTime="2012-08-26T20:58:51.4883964+05:30" testType="13cdc9d9-ddb5-4fa4-a97d-d965ccfc6d4b" outcome="Passed" testListId="8c84fa94-04c1-424b-9868-57a2d4851a1d" relativeResultsDirectory="350cc589-e730-4f18-b077-0128d2abdd86">
    </UnitTestResult>
    <UnitTestResult executionId="3b2604eb-5ee8-4ccb-b407-24a40ff0a8f9" testId="fd7bba1b-f231-6023-8a83-0d21f5a3de03" testName="GameConstructorExceptionTest2" computerName="HK-DELL-64" duration="00:00:00.0004400" startTime="2012-08-26T20:58:51.4903966+05:30" endTime="2012-08-26T20:58:51.4933967+05:30" testType="13cdc9d9-ddb5-4fa4-a97d-d965ccfc6d4b" outcome="Passed" testListId="8c84fa94-04c1-424b-9868-57a2d4851a1d" relativeResultsDirectory="3b2604eb-5ee8-4ccb-b407-24a40ff0a8f9">
    </UnitTestResult>
    <UnitTestResult executionId="de1b77b0-bb01-4a27-9b1d-1b3a80f1d8b7" testId="99511076-25cd-1389-836f-9fa6d3418980" testName="GameConstructorExceptionTest3" computerName="HK-DELL-64" duration="00:00:00.0003298" startTime="2012-08-26T20:58:51.4963969+05:30" endTime="2012-08-26T20:58:51.4993971+05:30" testType="13cdc9d9-ddb5-4fa4-a97d-d965ccfc6d4b" outcome="Passed" testListId="8c84fa94-04c1-424b-9868-57a2d4851a1d" relativeResultsDirectory="de1b77b0-bb01-4a27-9b1d-1b3a80f1d8b7">
    </UnitTestResult>
    <UnitTestResult executionId="691360b0-b84b-4eda-a7cd-a8c73e42de0d" testId="a7b231a0-99eb-652a-62c3-3d2898d1efa8" testName="ToggleGridCellPositiveTest" computerName="HK-DELL-64" duration="00:00:00.0018577" startTime="2012-08-26T20:58:51.5013972+05:30" endTime="2012-08-26T20:58:51.5053974+05:30" testType="13cdc9d9-ddb5-4fa4-a97d-d965ccfc6d4b" outcome="Passed" testListId="8c84fa94-04c1-424b-9868-57a2d4851a1d" relativeResultsDirectory="691360b0-b84b-4eda-a7cd-a8c73e42de0d">
    </UnitTestResult>
    <UnitTestResult executionId="6ae9f75a-f5cb-492e-839f-bf00e7a09cf7" testId="26168f01-cdaf-d302-8a67-682c159427c6" testName="ToggleGridCellExceptionTest1" computerName="HK-DELL-64" duration="00:00:00.0003174" startTime="2012-08-26T20:58:51.5083976+05:30" endTime="2012-08-26T20:58:51.5103977+05:30" testType="13cdc9d9-ddb5-4fa4-a97d-d965ccfc6d4b" outcome="Passed" testListId="8c84fa94-04c1-424b-9868-57a2d4851a1d" relativeResultsDirectory="6ae9f75a-f5cb-492e-839f-bf00e7a09cf7">
    </UnitTestResult>
    <UnitTestResult executionId="c639ce5d-37ac-4c14-9298-3e1bddbdb512" testId="436d9c9b-4825-ba49-13b5-04c29b970ba0" testName="ToggleGridCellExcecptinoTest2" computerName="HK-DELL-64" duration="00:00:00.0003683" startTime="2012-08-26T20:58:51.5133979+05:30" endTime="2012-08-26T20:58:51.5163980+05:30" testType="13cdc9d9-ddb5-4fa4-a97d-d965ccfc6d4b" outcome="Passed" testListId="8c84fa94-04c1-424b-9868-57a2d4851a1d" relativeResultsDirectory="c639ce5d-37ac-4c14-9298-3e1bddbdb512">
    </UnitTestResult>
    <UnitTestResult executionId="e31c49c0-4565-431f-83d5-0e3566eadf3b" testId="028e4207-5c44-a5e6-597e-24467ec1b28d" testName="ToggleGridCellExceptionTest2" computerName="HK-DELL-64" duration="00:00:00.0003742" startTime="2012-08-26T20:58:51.5193982+05:30" endTime="2012-08-26T20:58:51.5223984+05:30" testType="13cdc9d9-ddb5-4fa4-a97d-d965ccfc6d4b" outcome="Passed" testListId="8c84fa94-04c1-424b-9868-57a2d4851a1d" relativeResultsDirectory="e31c49c0-4565-431f-83d5-0e3566eadf3b">
    </UnitTestResult>
    <UnitTestResult executionId="46ba835d-b5da-4818-ae06-30c658efb0fa" testId="8452052d-5ff3-ea16-5dac-1dcb70f6f148" testName="InitBlockPatternTest" computerName="HK-DELL-64" duration="00:00:00.0310226" startTime="2012-08-26T20:58:51.5243985+05:30" endTime="2012-08-26T20:58:51.5584004+05:30" testType="13cdc9d9-ddb5-4fa4-a97d-d965ccfc6d4b" outcome="Passed" testListId="8c84fa94-04c1-424b-9868-57a2d4851a1d" relativeResultsDirectory="46ba835d-b5da-4818-ae06-30c658efb0fa">
      <Output>
        <StdOut>X  X 
 X  X 
Generation:1
 X  X 
 X  X 
Generation:2
 X  X 
 X  X 
Generation:3
 X  X 
 X  X 
Generation:4
 X  X 
 X  X 
Generation:5
 X  X 
 X  X 
Generation:6
 X  X 
 X  X 
Generation:7
 X  X 
 X  X 
Generation:8
 X  X 
 X  X 
Generation:9
 X  X 
 X  X 
Generation:10
 X  X 
 X  X 
Generation:11
 X  X 
 X  X 
Generation:12
 X  X 
 X  X 
Generation:13
 X  X 
 X  X 
Generation:14
 X  X 
 X  X 
Generation:15
 X  X 
 X  X 
Generation:16
 X  X 
 X  X 
Generation:17
 X  X 
 X  X 
Generation:18
 X  X 
 X  X 
Generation:19
 X  X 
 X  X 
Generation:20
 X  X 
 X  X 
Generation:21
 X  X 
 X  X 
Generation:22
 X  X 
 X  X 
Generation:23
 X  X 
 X  X 
Generation:24
 X  X 
 X  X 
Generation:25
 X  X 
 X  X 
Generation:26
 X  X 
 X  X 
Generation:27
 X  X 
 X  X 
Generation:28
 X  X 
 X  X 
Generation:29
 X  X 
 X  X 
Generation:30
 X  X 
 X  X 
Generation:31
 X  X 
 X  X 
Generation:32
 X  X 
 X  X 
Generation:33
 X  X 
 X  X 
Generation:34
 X  X 
 X  X 
Generation:35
 X  X 
 X  X 
Generation:36
 X  X 
 X  X 
Generation:37
 X  X 
 X  X 
Generation:38
 X  X 
 X  X 
Generation:39
 X  X 
 X  X 
Generation:40
 X  X 
 X  X 
Generation:41
 X  X 
 X  X 
Generation:42
 X  X 
 X  X 
Generation:43
 X  X 
 X  X 
Generation:44
 X  X 
 X  X 
Generation:45
 X  X 
 X  X 
Generation:46
 X  X 
 X  X 
Generation:47
 X  X 
 X  X 
Generation:48
 X  X 
 X  X 
Generation:49
 X  X 
 X  X 
Generation:50
 X  X 
 X  X 
Generation:51
 X  X 
 X  X 
Generation:52
 X  X 
 X  X 
Generation:53
 X  X 
 X  X 
Generation:54
 X  X 
 X  X 
Generation:55
 X  X 
 X  X 
Generation:56
 X  X 
 X  X 
Generation:57
 X  X 
 X  X 
Generation:58
 X  X 
 X  X 
Generation:59
 X  X 
 X  X 
Generation:60
 X  X 
 X  X 
Generation:61
 X  X 
 X  X 
Generation:62
 X  X 
 X  X 
Generation:63
 X  X 
 X  X 
Generation:64
 X  X 
 X  X 
Generation:65
 X  X 
 X  X 
Generation:66
 X  X 
 X  X 
Generation:67
 X  X 
 X  X 
Generation:68
 X  X 
 X  X 
Generation:69
 X  X 
 X  X 
Generation:70
 X  X 
 X  X 
Generation:71
 X  X 
 X  X 
Generation:72
 X  X 
 X  X 
Generation:73
 X  X 
 X  X 
Generation:74
 X  X 
 X  X 
Generation:75
 X  X 
 X  X 
Generation:76
 X  X 
 X  X 
Generation:77
 X  X 
 X  X 
Generation:78
 X  X 
 X  X 
Generation:79
 X  X 
 X  X 
Generation:80
 X  X 
 X  X 
Generation:81
 X  X 
 X  X 
Generation:82
 X  X 
 X  X 
Generation:83
 X  X 
 X  X 
Generation:84
 X  X 
 X  X 
Generation:85
 X  X 
 X  X 
Generation:86
 X  X 
 X  X 
Generation:87
 X  X 
 X  X 
Generation:88
 X  X 
 X  X 
Generation:89
 X  X 
 X  X 
Generation:90
 X  X 
 X  X 
Generation:91
 X  X 
 X  X 
Generation:92
 X  X 
 X  X 
Generation:93
 X  X 
 X  X 
Generation:94
 X  X 
 X  X 
Generation:95
 X  X 
 X  X 
Generation:96
 X  X 
 X  X 
Generation:97
 X  X 
 X  X 
Generation:98
 X  X 
 X  X 
Generation:99
 X  X 
 X  X 
Generation:100
 X  X 
 X  X</StdOut>
      </Output>
    </UnitTestResult>
    <UnitTestResult executionId="37b86252-61e8-4b33-82ae-db9cf7032ae3" testId="3e6a0444-9544-0a10-3f9f-2671edddfe7c" testName="InitBoatPatternTest" computerName="HK-DELL-64" duration="00:00:00.0008504" startTime="2012-08-26T20:58:51.5604006+05:30" endTime="2012-08-26T20:58:51.5644008+05:30" testType="13cdc9d9-ddb5-4fa4-a97d-d965ccfc6d4b" outcome="Passed" testListId="8c84fa94-04c1-424b-9868-57a2d4851a1d" relativeResultsDirectory="37b86252-61e8-4b33-82ae-db9cf7032ae3">
      <Output>
        <StdOut>X  X  - 
 X  -  X 
 -  X  - 
Generation:1
 X  X  - 
 X  -  X 
 -  X  -</StdOut>
      </Output>
    </UnitTestResult>
    <UnitTestResult executionId="8e103f59-d07a-4fca-a941-d8e381184c9c" testId="b8fa45f9-9387-b0dc-4f72-37c3abba962b" testName="InitBlinkerPatternTest" computerName="HK-DELL-64" duration="00:00:00.0005957" startTime="2012-08-26T20:58:51.5664009+05:30" endTime="2012-08-26T20:58:51.5694011+05:30" testType="13cdc9d9-ddb5-4fa4-a97d-d965ccfc6d4b" outcome="Passed" testListId="8c84fa94-04c1-424b-9868-57a2d4851a1d" relativeResultsDirectory="8e103f59-d07a-4fca-a941-d8e381184c9c">
      <Output>
        <StdOut>-  X  - 
 -  X  - 
 -  X  - 
Generation:1
 -  -  - 
 X  X  X 
 -  -  -</StdOut>
      </Output>
    </UnitTestResult>
    <UnitTestResult executionId="fb30ca6b-b23e-422a-b92c-bf7a7f2c9f8c" testId="1992065c-1117-30bc-5c1a-07e20536526d" testName="InitToadPattern1Test" computerName="HK-DELL-64" duration="00:00:00.0015788" startTime="2012-08-26T20:58:51.5714012+05:30" endTime="2012-08-26T20:58:51.5764015+05:30" testType="13cdc9d9-ddb5-4fa4-a97d-d965ccfc6d4b" outcome="Passed" testListId="8c84fa94-04c1-424b-9868-57a2d4851a1d" relativeResultsDirectory="fb30ca6b-b23e-422a-b92c-bf7a7f2c9f8c">
      <Output>
        <StdOut>-  X  X  X 
 X  X  X  - 
Generation:1
 -  -  X  - 
 X  -  -  X 
 X  -  -  X 
 -  X  -  -</StdOut>
      </Output>
    </UnitTestResult>
    <UnitTestResult executionId="e60401a9-321e-40d9-a3d4-7d31e282c370" testId="0dada1c1-4f54-dbf4-b044-6474c63dfc7c" testName="InitToadPattern2Test" computerName="HK-DELL-64" duration="00:00:00.0015634" startTime="2012-08-26T20:58:51.5784016+05:30" endTime="2012-08-26T20:58:51.5824018+05:30" testType="13cdc9d9-ddb5-4fa4-a97d-d965ccfc6d4b" outcome="Passed" testListId="8c84fa94-04c1-424b-9868-57a2d4851a1d" relativeResultsDirectory="e60401a9-321e-40d9-a3d4-7d31e282c370">
      <Output>
        <StdOut>X  - 
 X  X 
 X  X 
 -  X 
Generation:1
 -  X  X  - 
 X  -  -  - 
 -  -  -  X 
 -  X  X  -</StdOut>
      </Output>
    </UnitTestResult>
    <UnitTestResult executionId="e8cac619-f193-4774-8ee6-b31e61d9e374" testId="a524b24d-7596-51e6-7e5d-8fcb0ceb738e" testName="InitDiamondPatternTest" computerName="HK-DELL-64" duration="00:00:00.0169871" startTime="2012-08-26T20:58:51.5844019+05:30" endTime="2012-08-26T20:58:51.6044031+05:30" testType="13cdc9d9-ddb5-4fa4-a97d-d965ccfc6d4b" outcome="Passed" testListId="8c84fa94-04c1-424b-9868-57a2d4851a1d" relativeResultsDirectory="e8cac619-f193-4774-8ee6-b31e61d9e374">
      <Output>
        <StdOut>-  X  X  - 
 X  -  -  X 
 -  X  X  - 
Generation:1
 -  X  X  - 
 X  -  -  X 
 -  X  X  - 
Generation:2
 -  X  X  - 
 X  -  -  X 
 -  X  X  - 
Generation:3
 -  X  X  - 
 X  -  -  X 
 -  X  X  - 
Generation:4
 -  X  X  - 
 X  -  -  X 
 -  X  X  - 
Generation:5
 -  X  X  - 
 X  -  -  X 
 -  X  X  - 
Generation:6
 -  X  X  - 
 X  -  -  X 
 -  X  X  - 
Generation:7
 -  X  X  - 
 X  -  -  X 
 -  X  X  - 
Generation:8
 -  X  X  - 
 X  -  -  X 
 -  X  X  - 
Generation:9
 -  X  X  - 
 X  -  -  X 
 -  X  X  - 
Generation:10
 -  X  X  - 
 X  -  -  X 
 -  X  X  - 
Generation:11
 -  X  X  - 
 X  -  -  X 
 -  X  X  - 
Generation:12
 -  X  X  - 
 X  -  -  X 
 -  X  X  - 
Generation:13
 -  X  X  - 
 X  -  -  X 
 -  X  X  - 
Generation:14
 -  X  X  - 
 X  -  -  X 
 -  X  X  - 
Generation:15
 -  X  X  - 
 X  -  -  X 
 -  X  X  - 
Generation:16
 -  X  X  - 
 X  -  -  X 
 -  X  X  - 
Generation:17
 -  X  X  - 
 X  -  -  X 
 -  X  X  - 
Generation:18
 -  X  X  - 
 X  -  -  X 
 -  X  X  - 
Generation:19
 -  X  X  - 
 X  -  -  X 
 -  X  X  - 
Generation:20
 -  X  X  - 
 X  -  -  X 
 -  X  X  - 
Generation:21
 -  X  X  - 
 X  -  -  X 
 -  X  X  - 
Generation:22
 -  X  X  - 
 X  -  -  X 
 -  X  X  - 
Generation:23
 -  X  X  - 
 X  -  -  X 
 -  X  X  - 
Generation:24
 -  X  X  - 
 X  -  -  X 
 -  X  X  - 
Generation:25
 -  X  X  - 
 X  -  -  X 
 -  X  X  - 
Generation:26
 -  X  X  - 
 X  -  -  X 
 -  X  X  - 
Generation:27
 -  X  X  - 
 X  -  -  X 
 -  X  X  - 
Generation:28
 -  X  X  - 
 X  -  -  X 
 -  X  X  - 
Generation:29
 -  X  X  - 
 X  -  -  X 
 -  X  X  - 
Generation:30
 -  X  X  - 
 X  -  -  X 
 -  X  X  - 
Generation:31
 -  X  X  - 
 X  -  -  X 
 -  X  X  - 
Generation:32
 -  X  X  - 
 X  -  -  X 
 -  X  X  - 
Generation:33
 -  X  X  - 
 X  -  -  X 
 -  X  X  - 
Generation:34
 -  X  X  - 
 X  -  -  X 
 -  X  X  - 
Generation:35
 -  X  X  - 
 X  -  -  X 
 -  X  X  - 
Generation:36
 -  X  X  - 
 X  -  -  X 
 -  X  X  - 
Generation:37
 -  X  X  - 
 X  -  -  X 
 -  X  X  - 
Generation:38
 -  X  X  - 
 X  -  -  X 
 -  X  X  - 
Generation:39
 -  X  X  - 
 X  -  -  X 
 -  X  X  - 
Generation:40
 -  X  X  - 
 X  -  -  X 
 -  X  X  - 
Generation:41
 -  X  X  - 
 X  -  -  X 
 -  X  X  - 
Generation:42
 -  X  X  - 
 X  -  -  X 
 -  X  X  - 
Generation:43
 -  X  X  - 
 X  -  -  X 
 -  X  X  - 
Generation:44
 -  X  X  - 
 X  -  -  X 
 -  X  X  - 
Generation:45
 -  X  X  - 
 X  -  -  X 
 -  X  X  - 
Generation:46
 -  X  X  - 
 X  -  -  X 
 -  X  X  - 
Generation:47
 -  X  X  - 
 X  -  -  X 
 -  X  X  - 
Generation:48
 -  X  X  - 
 X  -  -  X 
 -  X  X  - 
Generation:49
 -  X  X  - 
 X  -  -  X 
 -  X  X  - 
Generation:50
 -  X  X  - 
 X  -  -  X 
 -  X  X  -</StdOut>
      </Output>
    </UnitTestResult>
    <UnitTestResult executionId="c9bb5c66-e1bf-47a4-b6b5-abac928d1d2e" testId="3c3c0538-34f5-e536-168e-11044a749a1d" testName="InitQueenBeeShuttleTest" computerName="HK-DELL-64" duration="00:00:00.1030022" startTime="2012-08-26T20:58:51.6064032+05:30" endTime="2012-08-26T20:58:51.7134093+05:30" testType="13cdc9d9-ddb5-4fa4-a97d-d965ccfc6d4b" outcome="Passed" testListId="8c84fa94-04c1-424b-9868-57a2d4851a1d" relativeResultsDirectory="c9bb5c66-e1bf-47a4-b6b5-abac928d1d2e">
      <Output>
        <StdOut>X  X  -  - 
 -  -  X  - 
 -  -  -  X 
 -  -  -  X 
 -  -  -  X 
 -  -  X  - 
 X  X  -  - 
Generation:1
 -  X  -  -  - 
 -  X  X  -  - 
 -  -  X  X  - 
 -  -  X  X  X 
 -  -  X  X  - 
 -  X  X  -  - 
 -  X  -  -  - 
Generation:2
 -  X  X  -  - 
 -  X  -  X  - 
 -  -  -  -  X 
 -  X  -  -  X 
 -  -  -  -  X 
 -  X  -  X  - 
 -  X  X  -  - 
Generation:3
 -  X  X  -  -  - 
 -  X  -  X  -  - 
 -  -  X  X  X  - 
 -  -  -  X  X  X 
 -  -  X  X  X  - 
 -  X  -  X  -  - 
 -  X  X  -  -  - 
Generation:4
 -  X  X  -  -  - 
 -  X  -  -  X  - 
 -  -  -  -  -  X 
 -  -  -  -  -  X 
 -  -  -  -  -  X 
 -  X  -  -  X  - 
 -  X  X  -  -  - 
Generation:5
 -  X  X  -  -  -  - 
 -  X  X  -  -  -  - 
 -  -  -  -  X  X  - 
 -  -  -  -  X  X  X 
 -  -  -  -  X  X  - 
 -  X  X  -  -  -  - 
 -  X  X  -  -  -  - 
Generation:6
 -  X  X  -  -  -  - 
 -  X  X  X  -  -  - 
 -  -  -  X  X  -  X 
 -  -  -  X  -  -  X 
 -  -  -  X  X  -  X 
 -  X  X  X  -  -  - 
 -  X  X  -  -  -  - 
Generation:7
 -  X  -  X  -  -  -  - 
 -  X  -  -  X  -  -  - 
 -  -  -  -  X  X  -  - 
 -  -  X  -  -  -  X  X 
 -  -  -  -  X  X  -  - 
 -  X  -  -  X  -  -  - 
 -  X  -  X  -  -  -  - 
Generation:8
 -  -  X  -  -  -  -  - 
 -  -  X  X  X  X  -  - 
 -  -  -  X  X  X  X  - 
 -  -  -  X  -  -  X  - 
 -  -  -  X  X  X  X  - 
 -  -  X  X  X  X  -  - 
 -  -  X  -  -  -  -  - 
Generation:9
 -  -  X  -  X  -  -  - 
 -  -  X  -  -  -  X  - 
 -  -  -  -  -  -  X  - 
 -  -  X  -  -  -  -  X 
 -  -  -  -  -  -  X  - 
 -  -  X  -  -  -  X  - 
 -  -  X  -  X  -  -  - 
Generation:10
 -  -  -  X  -  -  -  - 
 -  -  -  X  -  X  -  - 
 -  -  -  -  -  -  X  X 
 -  -  -  -  -  -  X  X 
 -  -  -  -  -  -  X  X 
 -  -  -  X  -  X  -  - 
 -  -  -  X  -  -  -  - 
Generation:11
 -  -  -  -  X  -  -  -  - 
 -  -  -  -  X  -  X  -  - 
 -  -  -  -  -  X  -  X  - 
 -  -  -  -  -  X  -  -  X 
 -  -  -  -  -  X  -  X  - 
 -  -  -  -  X  -  X  -  - 
 -  -  -  -  X  -  -  -  - 
Generation:12
 -  -  -  -  -  X  -  -  - 
 -  -  -  -  X  -  X  -  - 
 -  -  -  -  X  X  -  X  - 
 -  -  -  -  X  X  -  X  X 
 -  -  -  -  X  X  -  X  - 
 -  -  -  -  X  -  X  -  - 
 -  -  -  -  -  X  -  -  - 
Generation:13
 -  -  -  -  -  X  -  -  - 
 -  -  -  -  X  -  X  -  - 
 -  -  -  X  -  -  -  X  X 
 -  -  -  X  -  -  -  X  X 
 -  -  -  X  -  -  -  X  X 
 -  -  -  -  X  -  X  -  - 
 -  -  -  -  -  X  -  -  - 
Generation:14
 -  -  -  -  -  X  -  -  -  - 
 -  -  -  -  X  X  X  X  -  - 
 -  -  -  X  X  -  X  -  X  - 
 -  -  X  X  X  -  X  -  -  X 
 -  -  -  X  X  -  X  -  X  - 
 -  -  -  -  X  X  X  X  -  - 
 -  -  -  -  -  X  -  -  -  - 
Generation:15
 -  -  -  -  X  X  -  -  -  - 
 -  -  -  X  -  -  -  X  -  - 
 -  -  X  -  -  -  -  -  X  - 
 -  -  X  -  -  -  X  -  X  X 
 -  -  X  -  -  -  -  -  X  - 
 -  -  -  X  -  -  -  X  -  - 
 -  -  -  -  X  X  -  -  -  - 
Generation:16
 -  -  -  -  X  -  -  -  -  - 
 -  -  -  X  X  -  -  -  -  - 
 -  -  X  X  -  -  -  -  X  X 
 -  X  X  X  -  -  -  -  X  X 
 -  -  X  X  -  -  -  -  X  X 
 -  -  -  X  X  -  -  -  -  - 
 -  -  -  -  X  -  -  -  -  - 
Generation:17
 -  -  -  X  X  -  -  -  -  -  - 
 -  -  X  -  X  -  -  -  -  -  - 
 -  X  -  -  -  -  -  -  X  X  - 
 -  X  -  -  X  -  -  X  -  -  X 
 -  X  -  -  -  -  -  -  X  X  - 
 -  -  X  -  X  -  -  -  -  -  - 
 -  -  -  X  X  -  -  -  -  -  - 
Generation:18
 -  -  -  X  X  -  -  -  -  -  - 
 -  -  X  -  X  -  -  -  -  -  - 
 -  X  X  X  -  -  -  -  X  X  - 
 X  X  X  -  -  -  -  X  -  -  X 
 -  X  X  X  -  -  -  -  X  X  - 
 -  -  X  -  X  -  -  -  -  -  - 
 -  -  -  X  X  -  -  -  -  -  - 
Generation:19
 -  -  -  X  X  -  -  -  -  -  - 
 -  X  -  -  X  -  -  -  -  -  - 
 X  -  -  -  -  -  -  -  X  X  - 
 X  -  -  -  -  -  -  X  -  -  X 
 X  -  -  -  -  -  -  -  X  X  - 
 -  X  -  -  X  -  -  -  -  -  - 
 -  -  -  X  X  -  -  -  -  -  - 
Generation:20
 -  -  -  -  X  X  -  -  -  -  -  - 
 -  -  -  -  X  X  -  -  -  -  -  - 
 -  X  X  -  -  -  -  -  -  X  X  - 
 X  X  X  -  -  -  -  -  X  -  -  X 
 -  X  X  -  -  -  -  -  -  X  X  - 
 -  -  -  -  X  X  -  -  -  -  -  - 
 -  -  -  -  X  X  -  -  -  -  -  - 
Generation:21
 -  -  -  -  X  X  -  -  -  -  -  - 
 -  -  -  X  X  X  -  -  -  -  -  - 
 X  -  X  X  -  -  -  -  -  X  X  - 
 X  -  -  X  -  -  -  -  X  -  -  X 
 X  -  X  X  -  -  -  -  -  X  X  - 
 -  -  -  X  X  X  -  -  -  -  -  - 
 -  -  -  -  X  X  -  -  -  -  -  - 
Generation:22
 -  -  -  -  X  -  X  -  -  -  -  -  - 
 -  -  -  X  -  -  X  -  -  -  -  -  - 
 -  -  X  X  -  -  -  -  -  -  X  X  - 
 X  X  -  -  -  X  -  -  -  X  -  -  X 
 -  -  X  X  -  -  -  -  -  -  X  X  - 
 -  -  -  X  -  -  X  -  -  -  -  -  - 
 -  -  -  -  X  -  X  -  -  -  -  -  - 
Generation:23
 -  -  -  -  -  X  -  -  -  -  -  -  - 
 -  -  X  X  X  X  -  -  -  -  -  -  - 
 -  X  X  X  X  -  -  -  -  -  X  X  - 
 -  X  -  -  X  -  -  -  -  X  -  -  X 
 -  X  X  X  X  -  -  -  -  -  X  X  - 
 -  -  X  X  X  X  -  -  -  -  -  -  - 
 -  -  -  -  -  X  -  -  -  -  -  -  - 
Generation:24
 -  -  -  X  -  X  -  -  -  -  -  -  - 
 -  X  -  -  -  X  -  -  -  -  -  -  - 
 -  X  -  -  -  -  -  -  -  -  X  X  - 
 X  -  -  -  -  X  -  -  -  X  -  -  X 
 -  X  -  -  -  -  -  -  -  -  X  X  - 
 -  X  -  -  -  X  -  -  -  -  -  -  - 
 -  -  -  X  -  X  -  -  -  -  -  -  - 
Generation:25
 -  -  -  -  X  -  -  -  -  -  -  -  - 
 -  -  X  -  X  -  -  -  -  -  -  -  - 
 X  X  -  -  -  -  -  -  -  -  X  X  - 
 X  X  -  -  -  -  -  -  -  X  -  -  X 
 X  X  -  -  -  -  -  -  -  -  X  X  - 
 -  -  X  -  X  -  -  -  -  -  -  -  - 
 -  -  -  -  X  -  -  -  -  -  -  -  - 
Generation:26
 -  -  -  -  X  -  -  -  -  -  -  -  -  - 
 -  -  X  -  X  -  -  -  -  -  -  -  -  - 
 -  X  -  X  -  -  -  -  -  -  -  X  X  - 
 X  -  -  X  -  -  -  -  -  -  X  -  -  X 
 -  X  -  X  -  -  -  -  -  -  -  X  X  - 
 -  -  X  -  X  -  -  -  -  -  -  -  -  - 
 -  -  -  -  X  -  -  -  -  -  -  -  -  - 
Generation:27
 -  -  -  X  -  -  -  -  -  -  -  -  -  - 
 -  -  X  -  X  -  -  -  -  -  -  -  -  - 
 -  X  -  X  X  -  -  -  -  -  -  X  X  - 
 X  X  -  X  X  -  -  -  -  -  X  -  -  X 
 -  X  -  X  X  -  -  -  -  -  -  X  X  - 
 -  -  X  -  X  -  -  -  -  -  -  -  -  - 
 -  -  -  X  -  -  -  -  -  -  -  -  -  - 
Generation:28
 -  -  -  X  -  -  -  -  -  -  -  -  -  - 
 -  -  X  -  X  -  -  -  -  -  -  -  -  - 
 X  X  -  -  -  X  -  -  -  -  -  X  X  - 
 X  X  -  -  -  X  -  -  -  -  X  -  -  X 
 X  X  -  -  -  X  -  -  -  -  -  X  X  - 
 -  -  X  -  X  -  -  -  -  -  -  -  -  - 
 -  -  -  X  -  -  -  -  -  -  -  -  -  - 
Generation:29
 -  -  -  -  X  -  -  -  -  -  -  -  -  -  - 
 -  -  X  X  X  X  -  -  -  -  -  -  -  -  - 
 -  X  -  X  -  X  X  -  -  -  -  -  X  X  - 
 X  -  -  X  -  X  X  X  -  -  -  X  -  -  X 
 -  X  -  X  -  X  X  -  -  -  -  -  X  X  - 
 -  -  X  X  X  X  -  -  -  -  -  -  -  -  - 
 -  -  -  -  X  -  -  -  -  -  -  -  -  -  - 
Generation:30
 -  -  -  -  X  X  -  -  -  -  -  -  -  -  - 
 -  -  X  -  -  -  X  -  -  -  -  -  -  -  - 
 -  X  -  -  -  -  -  X  -  -  -  -  X  X  - 
 X  X  -  X  -  -  -  X  -  -  -  X  -  -  X 
 -  X  -  -  -  -  -  X  -  -  -  -  X  X  - 
 -  -  X  -  -  -  X  -  -  -  -  -  -  -  - 
 -  -  -  -  X  X  -  -  -  -  -  -  -  -  - 
Generation:31
 -  -  -  -  -  X  -  -  -  -  -  -  -  -  - 
 -  -  -  -  -  X  X  -  -  -  -  -  -  -  - 
 X  X  -  -  -  -  X  X  -  -  -  -  X  X  - 
 X  X  -  -  -  -  X  X  X  -  -  X  -  -  X 
 X  X  -  -  -  -  X  X  -  -  -  -  X  X  - 
 -  -  -  -  -  X  X  -  -  -  -  -  -  -  - 
 -  -  -  -  -  X  -  -  -  -  -  -  -  -  - 
Generation:32
 -  -  -  -  -  -  X  X  -  -  -  -  -  -  -  - 
 -  -  -  -  -  -  X  -  X  -  -  -  -  -  -  - 
 -  X  X  -  -  -  -  -  -  X  -  -  -  X  X  - 
 X  -  -  X  -  -  X  -  -  X  -  -  X  -  -  X 
 -  X  X  -  -  -  -  -  -  X  -  -  -  X  X  - 
 -  -  -  -  -  -  X  -  X  -  -  -  -  -  -  - 
 -  -  -  -  -  -  X  X  -  -  -  -  -  -  -  - 
Generation:33
 -  -  -  -  -  -  X  X  -  -  -  -  -  -  -  - 
 -  -  -  -  -  -  X  -  X  -  -  -  -  -  -  - 
 -  X  X  -  -  -  -  X  X  X  -  -  -  X  X  - 
 X  -  -  X  -  -  -  -  X  X  X  -  X  -  -  X 
 -  X  X  -  -  -  -  X  X  X  -  -  -  X  X  - 
 -  -  -  -  -  -  X  -  X  -  -  -  -  -  -  - 
 -  -  -  -  -  -  X  X  -  -  -  -  -  -  -  - 
Generation:34
 -  -  -  -  -  -  X  X  -  -  -  -  -  -  -  - 
 -  -  -  -  -  -  X  -  -  X  -  -  -  -  -  - 
 -  X  X  -  -  -  -  -  -  -  X  -  -  X  X  - 
 X  -  -  X  -  -  -  -  -  -  X  -  X  -  -  X 
 -  X  X  -  -  -  -  -  -  -  X  -  -  X  X  - 
 -  -  -  -  -  -  X  -  -  X  -  -  -  -  -  - 
 -  -  -  -  -  -  X  X  -  -  -  -  -  -  -  - 
Generation:35
 -  -  -  -  -  -  X  X  -  -  -  -  -  -  -  - 
 -  -  -  -  -  -  X  X  -  -  -  -  -  -  -  - 
 -  X  X  -  -  -  -  -  -  X  X  X  -  X  X  - 
 X  -  -  X  -  -  -  -  -  X  X  -  X  -  -  X 
 -  X  X  -  -  -  -  -  -  X  X  X  -  X  X  - 
 -  -  -  -  -  -  X  X  -  -  -  -  -  -  -  - 
 -  -  -  -  -  -  X  X  -  -  -  -  -  -  -  - 
Generation:36
 -  -  -  -  -  -  X  X  -  -  -  -  -  -  -  - 
 -  -  -  -  -  -  X  X  X  -  X  -  -  -  -  - 
 -  X  X  -  -  -  -  -  X  X  -  X  X  X  X  - 
 X  -  -  X  -  -  -  -  X  -  -  -  -  -  -  X 
 -  X  X  -  -  -  -  -  X  X  -  X  X  X  X  - 
 -  -  -  -  -  -  X  X  X  -  X  -  -  -  -  - 
 -  -  -  -  -  -  X  X  -  -  -  -  -  -  -  - 
Generation:37
 -  -  -  -  -  -  X  -  X  -  -  -  -  -  -  - 
 -  -  -  -  -  -  X  -  -  -  X  X  X  X  -  - 
 -  X  X  -  -  -  -  -  -  -  X  X  X  X  X  - 
 X  -  -  X  -  -  -  X  -  -  -  -  -  -  -  X 
 -  X  X  -  -  -  -  -  -  -  X  X  X  X  X  - 
 -  -  -  -  -  -  X  -  -  -  X  X  X  X  -  - 
 -  -  -  -  -  -  X  -  X  -  -  -  -  -  -  - 
Generation:38
 -  -  -  -  -  -  -  X  -  -  -  X  X  -  -  - 
 -  -  -  -  -  -  -  X  -  X  X  -  -  -  X  - 
 -  X  X  -  -  -  -  -  -  -  X  -  -  -  X  - 
 X  -  -  X  -  -  -  -  -  -  -  -  -  -  -  X 
 -  X  X  -  -  -  -  -  -  -  X  -  -  -  X  - 
 -  -  -  -  -  -  -  X  -  X  X  -  -  -  X  - 
 -  -  -  -  -  -  -  X  -  -  -  X  X  -  -  - 
Generation:39
 -  -  -  -  -  -  -  -  X  -  X  X  -  -  -  - 
 -  -  -  -  -  -  -  -  X  X  X  -  -  X  -  - 
 -  X  X  -  -  -  -  -  -  X  X  -  -  -  X  X 
 X  -  -  X  -  -  -  -  -  -  -  -  -  -  X  X 
 -  X  X  -  -  -  -  -  -  X  X  -  -  -  X  X 
 -  -  -  -  -  -  -  -  X  X  X  -  -  X  -  - 
 -  -  -  -  -  -  -  -  X  -  X  X  -  -  -  - 
Generation:40
 -  -  -  -  -  -  -  -  X  -  X  X  -  -  -  -  - 
 -  -  -  -  -  -  -  -  X  -  -  -  -  -  X  -  - 
 -  X  X  -  -  -  -  -  X  -  X  -  -  X  -  X  - 
 X  -  -  X  -  -  -  -  -  -  -  -  -  X  -  -  X 
 -  X  X  -  -  -  -  -  X  -  X  -  -  X  -  X  - 
 -  -  -  -  -  -  -  -  X  -  -  -  -  -  X  -  - 
 -  -  -  -  -  -  -  -  X  -  X  X  -  -  -  -  - 
Generation:41
 -  -  -  -  -  -  -  -  -  X  -  -  -  -  -  -  - 
 -  -  -  -  -  -  -  X  X  -  X  X  -  -  X  -  - 
 -  X  X  -  -  -  -  -  -  X  -  -  -  X  -  X  - 
 X  -  -  X  -  -  -  -  -  -  -  -  X  X  -  X  X 
 -  X  X  -  -  -  -  -  -  X  -  -  -  X  -  X  - 
 -  -  -  -  -  -  -  X  X  -  X  X  -  -  X  -  - 
 -  -  -  -  -  -  -  -  -  X  -  -  -  -  -  -  - 
Generation:42
 -  -  -  -  -  -  -  -  X  X  X  -  -  -  -  -  - 
 -  -  -  -  -  -  -  -  X  -  X  -  -  -  X  -  - 
 -  X  X  -  -  -  -  -  X  X  X  X  -  X  -  X  X 
 X  -  -  X  -  -  -  -  -  -  -  -  X  X  -  X  X 
 -  X  X  -  -  -  -  -  X  X  X  X  -  X  -  X  X 
 -  -  -  -  -  -  -  -  X  -  X  -  -  -  X  -  - 
 -  -  -  -  -  -  -  -  X  X  X  -  -  -  -  -  - 
Generation:43
 -  -  -  -  -  -  -  -  -  X  -  -  -  -  -  -  -  - 
 -  -  -  -  -  -  -  -  X  -  X  -  -  -  -  -  -  - 
 -  -  -  -  -  -  -  X  -  -  -  -  -  -  X  X  -  - 
 -  X  X  -  -  -  -  -  X  -  X  X  -  X  -  -  X  X 
 X  -  -  X  -  -  -  -  -  -  -  -  -  X  -  -  -  - 
 -  X  X  -  -  -  -  -  X  -  X  X  -  X  -  -  X  - 
 -  -  -  -  -  -  -  X  -  -  -  -  -  -  X  X  -  - 
 -  -  -  -  -  -  -  -  X  -  X  -  -  -  -  -  -  - 
 -  -  -  -  -  -  -  -  -  X  -  -  -  -  -  -  -  - 
Generation:44
 -  -  -  -  -  -  -  -  -  X  -  -  -  -  -  -  -  - 
 -  -  -  -  -  -  -  -  X  X  -  -  -  -  -  -  -  - 
 -  -  -  -  -  -  -  X  X  -  X  X  -  -  X  X  X  - 
 -  X  X  -  -  -  -  -  -  -  -  -  X  X  -  X  X  - 
 X  -  -  X  -  -  -  -  -  -  -  -  -  X  X  -  X  X 
 -  X  X  -  -  -  -  -  -  -  -  -  X  X  -  X  -  - 
 -  -  -  -  -  -  -  X  X  -  X  X  -  -  X  X  -  - 
 -  -  -  -  -  -  -  -  X  X  -  -  -  -  -  -  -  - 
 -  -  -  -  -  -  -  -  -  X  -  -  -  -  -  -  -  - 
Generation:45
 -  -  -  -  -  -  -  -  X  X  -  -  -  -  -  -  -  - 
 -  -  -  -  -  -  -  X  -  -  -  -  -  -  -  X  -  - 
 -  -  -  -  -  -  -  X  X  -  X  X  X  X  X  -  X  - 
 -  X  X  -  -  -  -  -  -  -  -  X  X  -  -  -  -  - 
 X  -  -  X  -  -  -  -  -  -  -  -  -  -  -  -  -  X 
 -  X  X  -  -  -  -  -  -  -  -  X  X  -  -  -  -  - 
 -  -  -  -  -  -  -  X  X  -  X  X  X  X  X  X  -  - 
 -  -  -  -  -  -  -  X  -  -  -  -  -  -  -  -  -  - 
 -  -  -  -  -  -  -  -  X  X  -  -  -  -  -  -  -  - 
Generation:46
 -  -  -  -  -  -  -  -  X  -  -  -  -  -  -  -  -  - 
 -  -  -  -  -  -  -  X  -  -  X  X  X  X  X  X  -  - 
 -  -  -  -  -  -  -  X  X  -  X  -  -  X  X  X  -  - 
 -  X  X  -  -  -  -  -  -  -  X  -  -  -  -  -  -  - 
 X  -  -  X  -  -  -  -  -  -  -  -  -  -  -  -  -  - 
 -  X  X  -  -  -  -  -  -  -  X  -  -  -  X  -  -  - 
 -  -  -  -  -  -  -  X  X  -  X  -  -  X  X  -  -  - 
 -  -  -  -  -  -  -  X  -  -  X  X  X  X  X  -  -  - 
 -  -  -  -  -  -  -  -  X  -  -  -  -  -  -  -  -  - 
Generation:47
 -  -  -  -  -  -  -  -  -  -  -  X  X  X  X  -  -  - 
 -  -  -  -  -  -  -  X  -  -  X  X  X  -  -  X  -  - 
 -  -  -  -  -  -  -  X  X  -  X  -  -  -  -  X  -  - 
 -  X  X  -  -  -  -  -  -  X  -  -  -  -  X  -  -  - 
 X  -  -  X  -  -  -  -  -  -  -  -  -  -  -  -  -  - 
 -  X  X  -  -  -  -  -  -  X  -  -  -  X  X  -  -  - 
 -  -  -  -  -  -  -  X  X  -  X  -  -  -  -  X  -  - 
 -  -  -  -  -  -  -  X  -  -  X  X  X  -  X  -  -  - 
 -  -  -  -  -  -  -  -  -  -  -  X  X  X  -  -  -  - 
Generation:48
 -  -  -  -  -  -  -  -  -  -  -  -  X  X  -  -  -  - 
 -  -  -  -  -  -  -  -  -  -  X  -  -  X  X  -  -  - 
 -  -  -  -  -  -  -  X  X  X  X  -  -  -  -  X  -  - 
 -  -  -  -  -  -  -  X  X  -  X  -  -  -  X  X  -  - 
 -  X  X  -  -  -  -  -  X  X  -  -  -  -  -  -  -  - 
 X  -  -  X  -  -  -  -  -  -  -  -  -  X  X  -  -  - 
 -  X  X  -  -  -  -  -  X  X  -  -  -  -  X  -  -  - 
 -  -  -  -  -  -  -  X  X  -  X  -  X  -  -  X  -  - 
 -  -  -  -  -  -  -  X  X  X  X  -  -  -  X  -  -  - 
 -  -  -  -  -  -  -  -  -  -  X  -  -  X  -  -  -  - 
 -  -  -  -  -  -  -  -  -  -  -  -  X  -  -  -  -  - 
Generation:49
 -  -  -  -  -  -  -  -  -  -  -  -  X  X  X  -  -  - 
 -  -  -  -  -  -  -  -  X  -  X  X  X  X  X  -  -  - 
 -  -  -  -  -  -  -  X  -  -  X  X  -  X  -  X  -  - 
 -  -  -  -  -  -  -  -  -  -  X  -  -  -  X  X  -  - 
 -  X  X  -  -  -  -  X  X  X  -  -  -  X  -  X  -  - 
 X  -  -  X  -  -  -  -  -  -  -  -  -  X  X  -  -  - 
 -  X  X  -  -  -  -  X  X  X  -  -  -  -  X  X  -  - 
 -  -  -  -  -  -  -  -  -  -  X  X  -  X  X  X  -  - 
 -  -  -  -  -  -  -  X  -  -  X  -  -  X  X  -  -  - 
 -  -  -  -  -  -  -  -  X  -  X  X  -  X  -  -  -  - 
 -  -  -  -  -  -  -  -  -  -  -  -  -  -  -  -  -  - 
Generation:50
 -  -  -  -  -  -  -  -  -  -  -  -  -  X  -  -  -  - 
 -  -  -  -  -  -  -  -  -  -  -  -  -  -  X  -  -  - 
 -  -  -  -  -  -  -  -  -  X  X  -  -  -  -  X  -  - 
 -  -  -  -  -  -  -  -  -  -  -  -  -  -  -  X  -  - 
 -  -  -  -  -  -  -  X  -  -  X  X  X  X  -  X  X  - 
 -  X  X  -  -  -  -  -  X  X  -  -  -  X  -  X  -  - 
 X  -  -  X  -  -  -  -  -  -  -  -  -  X  -  -  -  - 
 -  X  X  -  -  -  -  -  X  X  X  -  X  -  -  -  -  - 
 -  -  -  -  -  -  -  X  -  -  X  X  X  -  -  -  -  - 
 -  -  -  -  -  -  -  -  -  -  -  -  -  -  -  X  -  - 
 -  -  -  -  -  -  -  -  -  X  X  X  X  X  X  -  -  - 
 -  -  -  -  -  -  -  -  -  -  -  -  -  -  -  -  -  - 
Generation:51
 -  -  -  -  -  -  -  -  -  -  -  -  -  -  -  -  -  - 
 -  -  -  -  -  -  -  -  -  -  -  -  -  -  X  -  -  - 
 -  -  -  -  -  -  -  -  -  -  -  -  -  -  X  X  -  - 
 -  -  -  -  -  -  -  -  -  X  -  -  X  -  -  X  -  - 
 -  -  -  -  -  -  -  -  X  X  X  X  X  X  -  X  X  - 
 -  X  X  -  -  -  -  -  X  X  X  X  -  X  -  X  X  - 
 X  -  -  X  -  -  -  -  -  -  X  -  X  X  X  -  -  - 
 -  X  X  -  -  -  -  -  X  X  X  -  X  X  -  -  -  - 
 -  -  -  -  -  -  -  -  X  -  X  -  X  -  -  -  -  - 
 -  -  -  -  -  -  -  -  -  X  -  -  -  -  X  -  -  - 
 -  -  -  -  -  -  -  -  -  -  X  X  X  X  X  -  -  - 
 -  -  -  -  -  -  -  -  -  -  X  X  X  X  -  -  -  - 
Generation:52
 -  -  -  -  -  -  -  -  -  -  -  -  -  -  -  -  -  - 
 -  -  -  -  -  -  -  -  -  -  -  -  -  -  X  X  -  - 
 -  -  -  -  -  -  -  -  -  -  -  -  -  X  X  X  -  - 
 -  -  -  -  -  -  -  -  X  X  -  -  X  -  -  -  -  - 
 -  -  -  -  -  -  -  -  -  -  -  -  -  X  -  -  -  - 
 -  X  X  -  -  -  -  -  X  -  -  -  -  -  -  -  X  - 
 X  -  -  X  -  -  -  -  -  -  -  -  -  -  -  X  -  - 
 -  X  X  -  -  -  -  -  X  -  X  -  -  -  X  -  -  - 
 -  -  -  -  -  -  -  -  X  -  X  -  X  -  -  -  -  - 
 -  -  -  -  -  -  -  -  -  X  -  -  -  -  X  -  -  - 
 -  -  -  -  -  -  -  -  -  X  -  -  -  -  X  -  -  - 
 -  -  -  -  -  -  -  -  -  -  X  -  -  -  X  -  -  - 
 -  -  -  -  -  -  -  -  -  -  -  X  X  -  -  -  -  - 
Generation:53
 -  -  -  -  -  -  -  -  -  -  -  -  -  -  -  -  -  - 
 -  -  -  -  -  -  -  -  -  -  -  -  -  X  -  X  -  - 
 -  -  -  -  -  -  -  -  -  -  -  -  -  X  -  X  -  - 
 -  -  -  -  -  -  -  -  -  -  -  -  X  -  -  -  -  - 
 -  -  -  -  -  -  -  -  X  X  -  -  -  -  -  -  -  - 
 -  X  X  -  -  -  -  -  -  -  -  -  -  -  -  -  -  - 
 X  -  -  X  -  -  -  -  -  X  -  -  -  -  -  X  -  - 
 -  X  X  -  -  -  -  -  -  -  -  X  -  -  -  -  -  - 
 -  -  -  -  -  -  -  -  X  -  X  X  -  X  -  -  -  - 
 -  -  -  -  -  -  -  -  X  X  X  -  -  X  -  -  -  - 
 -  -  -  -  -  -  -  -  -  X  X  -  -  X  X  X  -  - 
 -  -  -  -  -  -  -  -  -  -  X  X  -  X  -  -  -  - 
 -  -  -  -  -  -  -  -  -  -  -  X  -  -  -  -  -  - 
Generation:54
 -  -  -  -  -  -  -  -  -  -  -  -  -  -  -  -  -  - 
 -  -  -  -  -  -  -  -  -  -  -  -  -  -  -  -  -  - 
 -  -  -  -  -  -  -  -  -  -  -  -  X  X  -  -  -  - 
 -  -  -  -  -  -  -  -  -  -  -  -  -  -  -  -  -  - 
 -  -  -  -  -  -  -  -  -  -  -  -  -  -  -  -  -  - 
 -  X  X  -  -  -  -  -  X  X  -  -  -  -  -  -  -  - 
 X  -  -  X  -  -  -  -  -  -  -  -  -  -  -  -  -  - 
 -  X  X  -  -  -  -  -  -  X  -  X  X  -  -  -  -  - 
 -  -  -  -  -  -  -  -  X  -  -  X  -  -  -  -  -  - 
 -  -  -  -  -  -  -  -  X  -  -  -  -  X  -  -  -  - 
 -  -  -  -  -  -  -  -  X  -  -  -  -  X  -  -  -  - 
 -  -  -  -  -  -  -  -  -  X  -  X  -  X  -  -  -  - 
 -  -  -  -  -  -  -  -  -  -  X  X  X  -  -  -  -  - 
Generation:55
 -  -  -  -  -  -  -  -  -  -  -  -  -  -  -  -  -  - 
 -  -  -  -  -  -  -  -  -  -  -  -  -  -  -  -  -  - 
 -  -  -  -  -  -  -  -  -  -  -  -  -  -  -  -  -  - 
 -  -  -  -  -  -  -  -  -  -  -  -  -  -  -  -  -  - 
 -  -  -  -  -  -  -  -  -  -  -  -  -  -  -  -  -  - 
 -  X  X  -  -  -  -  -  -  -  -  -  -  -  -  -  -  - 
 X  -  -  X  -  -  -  -  X  X  X  -  -  -  -  -  -  - 
 -  X  X  -  -  -  -  -  -  -  X  X  X  -  -  -  -  - 
 -  -  -  -  -  -  -  -  X  X  X  X  -  -  -  -  -  - 
 -  -  -  -  -  -  -  X  X  X  -  -  X  -  -  -  -  - 
 -  -  -  -  -  -  -  -  X  X  -  -  -  X  X  -  -  - 
 -  -  -  -  -  -  -  -  -  X  -  X  -  X  -  -  -  - 
 -  -  -  -  -  -  -  -  -  -  X  X  X  -  -  -  -  - 
 -  -  -  -  -  -  -  -  -  -  -  X  -  -  -  -  -  - 
Generation:56
 -  -  -  -  -  -  -  -  -  -  -  -  -  -  -  -  -  - 
 -  -  -  -  -  -  -  -  -  -  -  -  -  -  -  -  -  - 
 -  -  -  -  -  -  -  -  -  -  -  -  -  -  -  -  -  - 
 -  -  -  -  -  -  -  -  -  -  -  -  -  -  -  -  -  - 
 -  -  -  -  -  -  -  -  -  -  -  -  -  -  -  -  -  - 
 -  X  X  -  -  -  -  -  -  X  -  -  -  -  -  -  -  - 
 X  -  -  X  -  -  -  -  -  X  X  -  -  -  -  -  -  - 
 -  X  X  -  -  -  -  -  -  -  -  -  X  -  -  -  -  - 
 -  -  -  -  -  -  -  X  -  -  -  -  -  -  -  -  -  - 
 -  -  -  -  -  -  -  X  -  -  -  X  X  X  -  -  -  - 
 -  -  -  -  -  -  -  X  -  -  -  -  -  X  X  -  -  - 
 -  -  -  -  -  -  -  -  X  X  -  X  -  X  X  -  -  - 
 -  -  -  -  -  -  -  -  -  -  -  -  -  -  -  -  -  - 
 -  -  -  -  -  -  -  -  -  -  X  X  X  -  -  -  -  - 
Generation:57
 -  -  -  -  -  -  -  -  -  -  -  -  -  -  -  -  -  - 
 -  -  -  -  -  -  -  -  -  -  -  -  -  -  -  -  -  - 
 -  -  -  -  -  -  -  -  -  -  -  -  -  -  -  -  -  - 
 -  -  -  -  -  -  -  -  -  -  -  -  -  -  -  -  -  - 
 -  -  -  -  -  -  -  -  -  -  -  -  -  -  -  -  -  - 
 -  X  X  -  -  -  -  -  -  X  X  -  -  -  -  -  -  - 
 X  -  -  X  -  -  -  -  -  X  X  -  -  -  -  -  -  - 
 -  X  X  -  -  -  -  -  -  -  -  -  -  -  -  -  -  - 
 -  -  -  -  -  -  -  -  -  -  -  X  -  X  -  -  -  - 
 -  -  -  -  -  -  X  X  X  -  -  -  X  X  X  -  -  - 
 -  -  -  -  -  -  -  X  -  -  X  X  -  -  -  -  -  - 
 -  -  -  -  -  -  -  -  X  -  -  -  X  X  X  -  -  - 
 -  -  -  -  -  -  -  -  -  X  -  -  -  X  -  -  -  - 
 -  -  -  -  -  -  -  -  -  -  -  X  -  -  -  -  -  - 
 -  -  -  -  -  -  -  -  -  -  -  X  -  -  -  -  -  - 
Generation:58
 -  -  -  -  -  -  -  -  -  -  -  -  -  -  -  -  -  - 
 -  -  -  -  -  -  -  -  -  -  -  -  -  -  -  -  -  - 
 -  -  -  -  -  -  -  -  -  -  -  -  -  -  -  -  -  - 
 -  -  -  -  -  -  -  -  -  -  -  -  -  -  -  -  -  - 
 -  -  -  -  -  -  -  -  -  -  -  -  -  -  -  -  -  - 
 -  X  X  -  -  -  -  -  -  X  X  -  -  -  -  -  -  - 
 X  -  -  X  -  -  -  -  -  X  X  -  -  -  -  -  -  - 
 -  X  X  -  -  -  -  -  -  -  X  -  -  -  -  -  -  - 
 -  -  -  -  -  -  -  X  -  -  -  -  -  X  X  -  -  - 
 -  -  -  -  -  -  X  X  X  -  X  -  -  X  X  -  -  - 
 -  -  -  -  -  -  X  -  -  X  -  X  -  -  -  -  -  - 
 -  -  -  -  -  -  -  -  X  X  X  X  X  X  X  -  -  - 
 -  -  -  -  -  -  -  -  -  -  -  -  -  X  X  -  -  - 
 -  -  -  -  -  -  -  -  -  -  X  -  X  -  -  -  -  - 
 -  -  -  -  -  -  -  -  -  -  -  -  -  -  -  -  -  - 
Generation:59
 -  -  -  -  -  -  -  -  -  -  -  -  -  -  -  -  -  - 
 -  -  -  -  -  -  -  -  -  -  -  -  -  -  -  -  -  - 
 -  -  -  -  -  -  -  -  -  -  -  -  -  -  -  -  -  - 
 -  -  -  -  -  -  -  -  -  -  -  -  -  -  -  -  -  - 
 -  -  -  -  -  -  -  -  -  -  -  -  -  -  -  -  -  - 
 -  X  X  -  -  -  -  -  -  X  X  -  -  -  -  -  -  - 
 X  -  -  X  -  -  -  -  -  -  -  X  -  -  -  -  -  - 
 -  X  X  -  -  -  -  -  -  X  X  -  -  -  -  -  -  - 
 -  -  -  -  -  -  X  X  X  X  -  -  -  X  X  -  -  - 
 -  -  -  -  -  -  X  -  X  X  X  -  X  X  X  -  -  - 
 -  -  -  -  -  -  X  -  -  -  -  -  -  -  -  -  -  - 
 -  -  -  -  -  -  -  -  X  X  -  X  -  -  X  -  -  - 
 -  -  -  -  -  -  -  -  -  -  -  -  -  -  X  -  -  - 
 -  -  -  -  -  -  -  -  -  -  -  -  -  X  -  -  -  - 
 -  -  -  -  -  -  -  -  -  -  -  -  -  -  -  -  -  - 
Generation:60
 -  -  -  -  -  -  -  -  -  -  -  -  -  -  -  -  -  - 
 -  -  -  -  -  -  -  -  -  -  -  -  -  -  -  -  -  - 
 -  -  -  -  -  -  -  -  -  -  -  -  -  -  -  -  -  - 
 -  -  -  -  -  -  -  -  -  -  -  -  -  -  -  -  -  - 
 -  -  -  -  -  -  -  -  -  -  -  -  -  -  -  -  -  - 
 -  X  X  -  -  -  -  -  -  -  X  -  -  -  -  -  -  - 
 X  -  -  X  -  -  -  -  -  -  -  X  -  -  -  -  -  - 
 -  X  X  -  -  -  -  X  -  X  X  -  -  -  -  -  -  - 
 -  -  -  -  -  -  X  -  -  -  -  X  X  -  X  -  -  - 
 -  -  -  -  -  X  X  -  -  -  X  -  X  -  X  -  -  - 
 -  -  -  -  -  -  -  -  -  -  -  X  X  -  X  -  -  - 
 -  -  -  -  -  -  -  -  -  -  -  -  -  -  -  -  -  - 
 -  -  -  -  -  -  -  -  -  -  -  -  -  X  X  -  -  - 
 -  -  -  -  -  -  -  -  -  -  -  -  -  -  -  -  -  - 
 -  -  -  -  -  -  -  -  -  -  -  -  -  -  -  -  -  - 
Generation:61
 -  -  -  -  -  -  -  -  -  -  -  -  -  -  -  -  -  - 
 -  -  -  -  -  -  -  -  -  -  -  -  -  -  -  -  -  - 
 -  -  -  -  -  -  -  -  -  -  -  -  -  -  -  -  -  - 
 -  -  -  -  -  -  -  -  -  -  -  -  -  -  -  -  -  - 
 -  -  -  -  -  -  -  -  -  -  -  -  -  -  -  -  -  - 
 -  X  X  -  -  -  -  -  -  -  -  -  -  -  -  -  -  - 
 X  -  -  X  -  -  -  -  -  X  -  X  -  -  -  -  -  - 
 -  X  X  -  -  -  -  -  -  -  X  -  X  -  -  -  -  - 
 -  -  -  -  -  X  X  X  -  X  -  -  X  -  -  -  -  - 
 -  -  -  -  -  X  X  -  -  -  X  -  -  -  X  X  -  - 
 -  -  -  -  -  -  -  -  -  -  -  X  X  -  -  -  -  - 
 -  -  -  -  -  -  -  -  -  -  -  -  X  -  X  -  -  - 
 -  -  -  -  -  -  -  -  -  -  -  -  -  -  -  -  -  - 
 -  -  -  -  -  -  -  -  -  -  -  -  -  -  -  -  -  - 
 -  -  -  -  -  -  -  -  -  -  -  -  -  -  -  -  -  - 
Generation:62
 -  -  -  -  -  -  -  -  -  -  -  -  -  -  -  -  -  - 
 -  -  -  -  -  -  -  -  -  -  -  -  -  -  -  -  -  - 
 -  -  -  -  -  -  -  -  -  -  -  -  -  -  -  -  -  - 
 -  -  -  -  -  -  -  -  -  -  -  -  -  -  -  -  -  - 
 -  -  -  -  -  -  -  -  -  -  -  -  -  -  -  -  -  - 
 -  X  X  -  -  -  -  -  -  -  -  -  -  -  -  -  -  - 
 X  -  -  X  -  -  -  -  -  -  X  X  -  -  -  -  -  - 
 -  X  X  -  -  -  X  -  X  X  X  -  X  -  -  -  -  - 
 -  -  -  -  -  X  -  X  -  X  X  -  -  X  -  -  -  - 
 -  -  -  -  -  X  -  X  -  -  X  -  X  X  -  -  -  - 
 -  -  -  -  -  -  -  -  -  -  -  X  X  -  X  X  -  - 
 -  -  -  -  -  -  -  -  -  -  -  X  X  X  -  -  -  - 
 -  -  -  -  -  -  -  -  -  -  -  -  -  -  -  -  -  - 
 -  -  -  -  -  -  -  -  -  -  -  -  -  -  -  -  -  - 
 -  -  -  -  -  -  -  -  -  -  -  -  -  -  -  -  -  - 
Generation:63
 -  -  -  -  -  -  -  -  -  -  -  -  -  -  -  -  -  - 
 -  -  -  -  -  -  -  -  -  -  -  -  -  -  -  -  -  - 
 -  -  -  -  -  -  -  -  -  -  -  -  -  -  -  -  -  - 
 -  -  -  -  -  -  -  -  -  -  -  -  -  -  -  -  -  - 
 -  -  -  -  -  -  -  -  -  -  -  -  -  -  -  -  -  - 
 -  X  X  -  -  -  -  -  -  -  -  -  -  -  -  -  -  - 
 X  -  -  X  -  -  -  -  -  -  X  X  -  -  -  -  -  - 
 -  X  X  -  -  -  X  X  X  -  -  -  X  -  -  -  -  - 
 -  -  -  -  -  X  -  X  -  -  -  -  -  X  -  -  -  - 
 -  -  -  -  -  -  -  -  X  X  X  -  -  -  -  -  -  - 
 -  -  -  -  -  -  -  -  -  -  X  -  -  -  X  -  -  - 
 -  -  -  -  -  -  -  -  -  -  -  X  -  X  X  -  -  - 
 -  -  -  -  -  -  -  -  -  -  -  -  X  -  -  -  -  - 
 -  -  -  -  -  -  -  -  -  -  -  -  -  -  -  -  -  - 
 -  -  -  -  -  -  -  -  -  -  -  -  -  -  -  -  -  - 
Generation:64
 -  -  -  -  -  -  -  -  -  -  -  -  -  -  -  -  -  - 
 -  -  -  -  -  -  -  -  -  -  -  -  -  -  -  -  -  - 
 -  -  -  -  -  -  -  -  -  -  -  -  -  -  -  -  -  - 
 -  -  -  -  -  -  -  -  -  -  -  -  -  -  -  -  -  - 
 -  -  -  -  -  -  -  -  -  -  -  -  -  -  -  -  -  - 
 -  X  X  -  -  -  -  -  -  -  -  -  -  -  -  -  -  - 
 X  -  -  X  -  -  -  X  -  -  -  X  -  -  -  -  -  - 
 -  X  X  -  -  -  X  X  X  -  -  X  X  -  -  -  -  - 
 -  -  -  -  -  -  -  -  -  -  -  -  -  -  -  -  -  - 
 -  -  -  -  -  -  -  -  X  X  X  -  -  -  -  -  -  - 
 -  -  -  -  -  -  -  -  -  -  X  X  -  X  X  -  -  - 
 -  -  -  -  -  -  -  -  -  -  -  X  X  X  X  -  -  - 
 -  -  -  -  -  -  -  -  -  -  -  -  X  X  -  -  -  - 
 -  -  -  -  -  -  -  -  -  -  -  -  -  -  -  -  -  - 
 -  -  -  -  -  -  -  -  -  -  -  -  -  -  -  -  -  - 
Generation:65
 -  -  -  -  -  -  -  -  -  -  -  -  -  -  -  -  -  - 
 -  -  -  -  -  -  -  -  -  -  -  -  -  -  -  -  -  - 
 -  -  -  -  -  -  -  -  -  -  -  -  -  -  -  -  -  - 
 -  -  -  -  -  -  -  -  -  -  -  -  -  -  -  -  -  - 
 -  -  -  -  -  -  -  -  -  -  -  -  -  -  -  -  -  - 
 -  X  X  -  -  -  -  -  -  -  -  -  -  -  -  -  -  - 
 X  -  -  X  -  -  X  X  X  -  -  X  X  -  -  -  -  - 
 -  X  X  -  -  -  X  X  X  -  -  X  X  -  -  -  -  - 
 -  -  -  -  -  -  -  -  -  -  X  X  -  -  -  -  -  - 
 -  -  -  -  -  -  -  -  -  X  X  X  -  -  -  -  -  - 
 -  -  -  -  -  -  -  -  -  -  -  -  -  -  X  -  -  - 
 -  -  -  -  -  -  -  -  -  -  X  -  -  -  -  -  -  - 
 -  -  -  -  -  -  -  -  -  -  -  X  -  -  X  -  -  - 
 -  -  -  -  -  -  -  -  -  -  -  -  -  -  -  -  -  - 
 -  -  -  -  -  -  -  -  -  -  -  -  -  -  -  -  -  - 
Generation:66
 -  -  -  -  -  -  -  -  -  -  -  -  -  -  -  -  -  - 
 -  -  -  -  -  -  -  -  -  -  -  -  -  -  -  -  -  - 
 -  -  -  -  -  -  -  -  -  -  -  -  -  -  -  -  -  - 
 -  -  -  -  -  -  -  -  -  -  -  -  -  -  -  -  -  - 
 -  -  -  -  -  -  -  -  -  -  -  -  -  -  -  -  -  - 
 -  X  X  -  -  -  -  X  -  -  -  -  -  -  -  -  -  - 
 X  -  -  X  -  -  X  -  X  -  -  X  X  -  -  -  -  - 
 -  X  X  -  -  -  X  -  X  X  -  -  -  -  -  -  -  - 
 -  -  -  -  -  -  -  X  X  -  -  -  -  -  -  -  -  - 
 -  -  -  -  -  -  -  -  -  X  -  X  -  -  -  -  -  - 
 -  -  -  -  -  -  -  -  -  X  -  X  -  -  -  -  -  - 
 -  -  -  -  -  -  -  -  -  -  -  -  -  -  -  -  -  - 
 -  -  -  -  -  -  -  -  -  -  -  -  -  -  -  -  -  - 
 -  -  -  -  -  -  -  -  -  -  -  -  -  -  -  -  -  - 
 -  -  -  -  -  -  -  -  -  -  -  -  -  -  -  -  -  - 
Generation:67
 -  -  -  -  -  -  -  -  -  -  -  -  -  -  -  -  -  - 
 -  -  -  -  -  -  -  -  -  -  -  -  -  -  -  -  -  - 
 -  -  -  -  -  -  -  -  -  -  -  -  -  -  -  -  -  - 
 -  -  -  -  -  -  -  -  -  -  -  -  -  -  -  -  -  - 
 -  -  -  -  -  -  -  -  -  -  -  -  -  -  -  -  -  - 
 -  X  X  -  -  -  -  X  -  -  -  -  -  -  -  -  -  - 
 X  -  -  X  -  -  X  -  X  X  -  -  -  -  -  -  -  - 
 -  X  X  -  -  -  X  -  -  X  -  -  -  -  -  -  -  - 
 -  -  -  -  -  -  -  X  -  -  X  -  -  -  -  -  -  - 
 -  -  -  -  -  -  -  -  -  X  -  -  -  -  -  -  -  - 
 -  -  -  -  -  -  -  -  -  -  -  -  -  -  -  -  -  - 
 -  -  -  -  -  -  -  -  -  -  -  -  -  -  -  -  -  - 
 -  -  -  -  -  -  -  -  -  -  -  -  -  -  -  -  -  - 
 -  -  -  -  -  -  -  -  -  -  -  -  -  -  -  -  -  - 
 -  -  -  -  -  -  -  -  -  -  -  -  -  -  -  -  -  - 
Generation:68
 -  -  -  -  -  -  -  -  -  -  -  -  -  -  -  -  -  - 
 -  -  -  -  -  -  -  -  -  -  -  -  -  -  -  -  -  - 
 -  -  -  -  -  -  -  -  -  -  -  -  -  -  -  -  -  - 
 -  -  -  -  -  -  -  -  -  -  -  -  -  -  -  -  -  - 
 -  -  -  -  -  -  -  -  -  -  -  -  -  -  -  -  -  - 
 -  X  X  -  -  -  -  X  X  -  -  -  -  -  -  -  -  - 
 X  -  -  X  -  -  X  -  X  X  -  -  -  -  -  -  -  - 
 -  X  X  -  -  -  X  -  -  X  X  -  -  -  -  -  -  - 
 -  -  -  -  -  -  -  -  X  X  X  -  -  -  -  -  -  - 
 -  -  -  -  -  -  -  -  -  -  -  -  -  -  -  -  -  - 
 -  -  -  -  -  -  -  -  -  -  -  -  -  -  -  -  -  - 
 -  -  -  -  -  -  -  -  -  -  -  -  -  -  -  -  -  - 
 -  -  -  -  -  -  -  -  -  -  -  -  -  -  -  -  -  - 
 -  -  -  -  -  -  -  -  -  -  -  -  -  -  -  -  -  - 
 -  -  -  -  -  -  -  -  -  -  -  -  -  -  -  -  -  - 
Generation:69
 -  -  -  -  -  -  -  -  -  -  -  -  -  -  -  -  -  - 
 -  -  -  -  -  -  -  -  -  -  -  -  -  -  -  -  -  - 
 -  -  -  -  -  -  -  -  -  -  -  -  -  -  -  -  -  - 
 -  -  -  -  -  -  -  -  -  -  -  -  -  -  -  -  -  - 
 -  -  -  -  -  -  -  -  -  -  -  -  -  -  -  -  -  - 
 -  X  X  -  -  -  -  X  X  X  -  -  -  -  -  -  -  - 
 X  -  -  X  -  -  X  -  -  -  X  -  -  -  -  -  -  - 
 -  X  X  -  -  -  -  -  -  -  -  -  -  -  -  -  -  - 
 -  -  -  -  -  -  -  -  X  -  X  -  -  -  -  -  -  - 
 -  -  -  -  -  -  -  -  -  X  -  -  -  -  -  -  -  - 
 -  -  -  -  -  -  -  -  -  -  -  -  -  -  -  -  -  - 
 -  -  -  -  -  -  -  -  -  -  -  -  -  -  -  -  -  - 
 -  -  -  -  -  -  -  -  -  -  -  -  -  -  -  -  -  - 
 -  -  -  -  -  -  -  -  -  -  -  -  -  -  -  -  -  - 
 -  -  -  -  -  -  -  -  -  -  -  -  -  -  -  -  -  - 
Generation:70
 -  -  -  -  -  -  -  -  -  -  -  -  -  -  -  -  -  - 
 -  -  -  -  -  -  -  -  -  -  -  -  -  -  -  -  -  - 
 -  -  -  -  -  -  -  -  -  -  -  -  -  -  -  -  -  - 
 -  -  -  -  -  -  -  -  -  -  -  -  -  -  -  -  -  - 
 -  -  -  -  -  -  -  -  X  -  -  -  -  -  -  -  -  - 
 -  X  X  -  -  -  -  X  X  X  -  -  -  -  -  -  -  - 
 X  -  -  X  -  -  -  X  X  X  -  -  -  -  -  -  -  - 
 -  X  X  -  -  -  -  -  -  X  -  -  -  -  -  -  -  - 
 -  -  -  -  -  -  -  -  -  X  -  -  -  -  -  -  -  - 
 -  -  -  -  -  -  -  -  -  X  -  -  -  -  -  -  -  - 
 -  -  -  -  -  -  -  -  -  -  -  -  -  -  -  -  -  - 
 -  -  -  -  -  -  -  -  -  -  -  -  -  -  -  -  -  - 
 -  -  -  -  -  -  -  -  -  -  -  -  -  -  -  -  -  - 
 -  -  -  -  -  -  -  -  -  -  -  -  -  -  -  -  -  - 
 -  -  -  -  -  -  -  -  -  -  -  -  -  -  -  -  -  - 
Generation:71
 -  -  -  -  -  -  -  -  -  -  -  -  -  -  -  -  -  - 
 -  -  -  -  -  -  -  -  -  -  -  -  -  -  -  -  -  - 
 -  -  -  -  -  -  -  -  -  -  -  -  -  -  -  -  -  - 
 -  -  -  -  -  -  -  -  -  -  -  -  -  -  -  -  -  - 
 -  -  -  -  -  -  -  X  X  X  -  -  -  -  -  -  -  - 
 -  X  X  -  -  -  -  -  -  -  -  -  -  -  -  -  -  - 
 X  -  -  X  -  -  -  X  -  -  X  -  -  -  -  -  -  - 
 -  X  X  -  -  -  -  -  -  X  X  -  -  -  -  -  -  - 
 -  -  -  -  -  -  -  -  X  X  X  -  -  -  -  -  -  - 
 -  -  -  -  -  -  -  -  -  -  -  -  -  -  -  -  -  - 
 -  -  -  -  -  -  -  -  -  -  -  -  -  -  -  -  -  - 
 -  -  -  -  -  -  -  -  -  -  -  -  -  -  -  -  -  - 
 -  -  -  -  -  -  -  -  -  -  -  -  -  -  -  -  -  - 
 -  -  -  -  -  -  -  -  -  -  -  -  -  -  -  -  -  - 
 -  -  -  -  -  -  -  -  -  -  -  -  -  -  -  -  -  - 
Generation:72
 -  -  -  -  -  -  -  -  -  -  -  -  -  -  -  -  -  - 
 -  -  -  -  -  -  -  -  -  -  -  -  -  -  -  -  -  - 
 -  -  -  -  -  -  -  -  -  -  -  -  -  -  -  -  -  - 
 -  -  -  -  -  -  -  -  X  -  -  -  -  -  -  -  -  - 
 -  -  -  -  -  -  -  -  X  -  -  -  -  -  -  -  -  - 
 -  X  X  -  -  -  -  X  -  X  -  -  -  -  -  -  -  - 
 X  -  -  X  -  -  -  -  -  X  X  -  -  -  -  -  -  - 
 -  X  X  -  -  -  -  -  -  -  -  X  -  -  -  -  -  - 
 -  -  -  -  -  -  -  -  X  -  X  -  -  -  -  -  -  - 
 -  -  -  -  -  -  -  -  -  X  -  -  -  -  -  -  -  - 
 -  -  -  -  -  -  -  -  -  -  -  -  -  -  -  -  -  - 
 -  -  -  -  -  -  -  -  -  -  -  -  -  -  -  -  -  - 
 -  -  -  -  -  -  -  -  -  -  -  -  -  -  -  -  -  - 
 -  -  -  -  -  -  -  -  -  -  -  -  -  -  -  -  -  - 
 -  -  -  -  -  -  -  -  -  -  -  -  -  -  -  -  -  - 
Generation:73
 -  -  -  -  -  -  -  -  -  -  -  -  -  -  -  -  -  - 
 -  -  -  -  -  -  -  -  -  -  -  -  -  -  -  -  -  - 
 -  -  -  -  -  -  -  -  -  -  -  -  -  -  -  -  -  - 
 -  -  -  -  -  -  -  -  -  -  -  -  -  -  -  -  -  - 
 -  -  -  -  -  -  -  X  X  X  -  -  -  -  -  -  -  - 
 -  X  X  -  -  -  -  -  -  X  X  -  -  -  -  -  -  - 
 X  -  -  X  -  -  -  -  X  X  X  -  -  -  -  -  -  - 
 -  X  X  -  -  -  -  -  -  -  -  X  -  -  -  -  -  - 
 -  -  -  -  -  -  -  -  -  X  X  -  -  -  -  -  -  - 
 -  -  -  -  -  -  -  -  -  X  -  -  -  -  -  -  -  - 
 -  -  -  -  -  -  -  -  -  -  -  -  -  -  -  -  -  - 
 -  -  -  -  -  -  -  -  -  -  -  -  -  -  -  -  -  - 
 -  -  -  -  -  -  -  -  -  -  -  -  -  -  -  -  -  - 
 -  -  -  -  -  -  -  -  -  -  -  -  -  -  -  -  -  - 
 -  -  -  -  -  -  -  -  -  -  -  -  -  -  -  -  -  - 
Generation:74
 -  -  -  -  -  -  -  -  -  -  -  -  -  -  -  -  -  - 
 -  -  -  -  -  -  -  -  -  -  -  -  -  -  -  -  -  - 
 -  -  -  -  -  -  -  -  -  -  -  -  -  -  -  -  -  - 
 -  -  -  -  -  -  -  -  X  -  -  -  -  -  -  -  -  - 
 -  -  -  -  -  -  -  -  X  X  X  -  -  -  -  -  -  - 
 -  X  X  -  -  -  -  X  -  -  -  -  -  -  -  -  -  - 
 X  -  -  X  -  -  -  -  X  -  -  X  -  -  -  -  -  - 
 -  X  X  -  -  -  -  -  X  -  -  X  -  -  -  -  -  - 
 -  -  -  -  -  -  -  -  -  X  X  -  -  -  -  -  -  - 
 -  -  -  -  -  -  -  -  -  X  X  -  -  -  -  -  -  - 
 -  -  -  -  -  -  -  -  -  -  -  -  -  -  -  -  -  - 
 -  -  -  -  -  -  -  -  -  -  -  -  -  -  -  -  -  - 
 -  -  -  -  -  -  -  -  -  -  -  -  -  -  -  -  -  - 
 -  -  -  -  -  -  -  -  -  -  -  -  -  -  -  -  -  - 
 -  -  -  -  -  -  -  -  -  -  -  -  -  -  -  -  -  - 
Generation:75
 -  -  -  -  -  -  -  -  -  -  -  -  -  -  -  -  -  - 
 -  -  -  -  -  -  -  -  -  -  -  -  -  -  -  -  -  - 
 -  -  -  -  -  -  -  -  -  -  -  -  -  -  -  -  -  - 
 -  -  -  -  -  -  -  -  X  -  -  -  -  -  -  -  -  - 
 -  -  -  -  -  -  -  X  X  X  -  -  -  -  -  -  -  - 
 -  X  X  -  -  -  -  X  -  -  X  -  -  -  -  -  -  - 
 X  -  -  X  -  -  -  X  X  -  -  -  -  -  -  -  -  - 
 -  X  X  -  -  -  -  -  X  -  -  X  -  -  -  -  -  - 
 -  -  -  -  -  -  -  -  X  -  -  X  -  -  -  -  -  - 
 -  -  -  -  -  -  -  -  -  X  X  -  -  -  -  -  -  - 
 -  -  -  -  -  -  -  -  -  -  -  -  -  -  -  -  -  - 
 -  -  -  -  -  -  -  -  -  -  -  -  -  -  -  -  -  - 
 -  -  -  -  -  -  -  -  -  -  -  -  -  -  -  -  -  - 
 -  -  -  -  -  -  -  -  -  -  -  -  -  -  -  -  -  - 
 -  -  -  -  -  -  -  -  -  -  -  -  -  -  -  -  -  - 
Generation:76
 -  -  -  -  -  -  -  -  -  -  -  -  -  -  -  -  -  - 
 -  -  -  -  -  -  -  -  -  -  -  -  -  -  -  -  -  - 
 -  -  -  -  -  -  -  -  -  -  -  -  -  -  -  -  -  - 
 -  -  -  -  -  -  -  X  X  X  -  -  -  -  -  -  -  - 
[...]
 -  -  -  -  -  X  -  -  -  -  X  -  -  -  -  - 
 -  -  -  -  X  -  -  -  -  -  -  X  -  -  -  - 
 -  -  -  X  -  -  -  -  -  -  -  -  X  -  -  - 
 -  -  -  X  -  -  -  -  -  -  -  -  X  -  -  - 
 -  -  -  X  -  -  -  -  -  -  -  -  X  -  -  - 
 -  -  -  -  X  -  -  -  -  -  -  X  -  -  -  - 
 -  -  -  -  -  X  -  -  -  -  X  -  -  -  -  - 
 -  -  -  -  -  -  -  X  X  -  -  -  -  -  -  - 
Generation:20
 -  -  -  -  -  -  -  -  -  -  -  -  -  -  -  - 
 -  -  -  -  -  -  -  -  -  -  -  -  -  -  -  - 
 -  -  -  -  X  -  -  -  -  -  -  X  -  -  -  - 
 -  -  -  X  X  -  -  -  -  -  -  X  X  -  -  - 
 -  -  X  X  X  -  -  -  -  -  -  X  X  X  -  - 
 -  -  -  X  X  -  -  -  -  -  -  X  X  -  -  - 
 -  -  -  -  X  -  -  -  -  -  -  X  -  -  -  - 
 -  -  -  -  -  -  -  -  -  -  -  -  -  -  -  - 
 -  -  -  -  -  -  -  -  -  -  -  -  -  -  -  - 
Generation:21
 -  -  -  -  -  -  -  -  -  -  -  -  -  -  -  - 
 -  -  -  -  -  -  -  -  -  -  -  -  -  -  -  - 
 -  -  -  X  X  -  -  -  -  -  -  X  X  -  -  - 
 -  -  X  -  -  X  -  -  -  -  X  -  -  X  -  - 
 -  -  X  -  -  X  -  -  -  -  X  -  -  X  -  - 
 -  -  X  -  -  X  -  -  -  -  X  -  -  X  -  - 
 -  -  -  X  X  -  -  -  -  -  -  X  X  -  -  - 
 -  -  -  -  -  -  -  -  -  -  -  -  -  -  -  - 
 -  -  -  -  -  -  -  -  -  -  -  -  -  -  -  - 
Generation:22
 -  -  -  -  -  -  -  -  -  -  -  -  -  -  -  - 
 -  -  -  -  -  -  -  -  -  -  -  -  -  -  -  - 
 -  -  -  X  X  -  -  -  -  -  -  X  X  -  -  - 
 -  -  X  -  -  X  -  -  -  -  X  -  -  X  -  - 
 -  X  X  X  X  X  X  -  -  X  X  X  X  X  X  - 
 -  -  X  -  -  X  -  -  -  -  X  -  -  X  -  - 
 -  -  -  X  X  -  -  -  -  -  -  X  X  -  -  - 
 -  -  -  -  -  -  -  -  -  -  -  -  -  -  -  - 
 -  -  -  -  -  -  -  -  -  -  -  -  -  -  -  - 
Generation:23
 -  -  -  -  -  -  -  -  -  -  -  -  -  -  -  - 
 -  -  -  -  -  -  -  -  -  -  -  -  -  -  -  - 
 -  -  -  X  X  -  -  -  -  -  -  X  X  -  -  - 
 -  X  -  -  -  -  X  -  -  X  -  -  -  -  X  - 
 -  X  -  -  -  -  X  -  -  X  -  -  -  -  X  - 
 -  X  -  -  -  -  X  -  -  X  -  -  -  -  X  - 
 -  -  -  X  X  -  -  -  -  -  -  X  X  -  -  - 
 -  -  -  -  -  -  -  -  -  -  -  -  -  -  -  - 
 -  -  -  -  -  -  -  -  -  -  -  -  -  -  -  - 
Generation:24
 -  -  -  -  -  -  -  -  -  -  -  -  -  -  -  - 
 -  -  -  -  -  -  -  -  -  -  -  -  -  -  -  - 
 -  -  -  -  -  -  -  -  -  -  -  -  -  -  -  - 
 -  -  X  -  -  X  -  -  -  -  X  -  -  X  -  - 
 X  X  X  -  -  X  X  X  X  X  X  -  -  X  X  X 
 -  -  X  -  -  X  -  -  -  -  X  -  -  X  -  - 
 -  -  -  -  -  -  -  -  -  -  -  -  -  -  -  - 
 -  -  -  -  -  -  -  -  -  -  -  -  -  -  -  - 
 -  -  -  -  -  -  -  -  -  -  -  -  -  -  -  - 
Generation:25
 -  -  -  -  -  -  -  -  -  -  -  -  -  -  -  - 
 -  -  -  -  -  -  -  -  -  -  -  -  -  -  -  - 
 -  -  -  -  -  -  -  -  -  -  -  -  -  -  -  - 
 -  -  X  -  -  X  -  X  X  -  X  -  -  X  -  - 
 -  -  X  X  X  X  -  X  X  -  X  X  X  X  -  - 
 -  -  X  -  -  X  -  X  X  -  X  -  -  X  -  - 
 -  -  -  -  -  -  -  -  -  -  -  -  -  -  -  - 
 -  -  -  -  -  -  -  -  -  -  -  -  -  -  -  - 
 -  -  -  -  -  -  -  -  -  -  -  -  -  -  -  - 
Generation:26
 -  -  -  -  -  -  -  -  -  -  -  -  -  -  -  - 
 -  -  -  -  -  -  -  -  -  -  -  -  -  -  -  - 
 -  -  -  -  -  -  -  -  -  -  -  -  -  -  -  - 
 -  -  X  -  -  X  -  X  X  -  X  -  -  X  -  - 
 -  X  X  -  -  X  -  -  -  -  X  -  -  X  X  - 
 -  -  X  -  -  X  -  X  X  -  X  -  -  X  -  - 
 -  -  -  -  -  -  -  -  -  -  -  -  -  -  -  - 
 -  -  -  -  -  -  -  -  -  -  -  -  -  -  -  - 
 -  -  -  -  -  -  -  -  -  -  -  -  -  -  -  - 
Generation:27
 -  -  -  -  -  -  -  -  -  -  -  -  -  -  -  - 
 -  -  -  -  -  -  -  -  -  -  -  -  -  -  -  - 
 -  -  -  -  -  -  -  -  -  -  -  -  -  -  -  - 
 -  X  X  -  -  -  X  -  -  X  -  -  -  X  X  - 
 -  X  X  X  X  X  -  -  -  -  X  X  X  X  X  - 
 -  X  X  -  -  -  X  -  -  X  -  -  -  X  X  - 
 -  -  -  -  -  -  -  -  -  -  -  -  -  -  -  - 
 -  -  -  -  -  -  -  -  -  -  -  -  -  -  -  - 
 -  -  -  -  -  -  -  -  -  -  -  -  -  -  -  - 
Generation:28
 -  -  -  -  -  -  -  -  -  -  -  -  -  -  -  - 
 -  -  -  -  -  -  -  -  -  -  -  -  -  -  -  - 
 -  -  -  -  -  -  -  -  -  -  -  -  -  -  -  - 
 -  X  -  -  X  X  -  -  -  -  X  X  -  -  X  - 
 X  -  -  -  X  X  X  -  -  X  X  X  -  -  -  X 
 -  X  -  -  X  X  -  -  -  -  X  X  -  -  X  - 
 -  -  -  -  -  -  -  -  -  -  -  -  -  -  -  - 
 -  -  -  -  -  -  -  -  -  -  -  -  -  -  -  - 
 -  -  -  -  -  -  -  -  -  -  -  -  -  -  -  - 
Generation:29
 -  -  -  -  -  -  -  -  -  -  -  -  -  -  -  - 
 -  -  -  -  -  -  -  -  -  -  -  -  -  -  -  - 
 -  -  -  -  -  -  -  -  -  -  -  -  -  -  -  - 
 -  -  -  -  X  -  X  -  -  X  -  X  -  -  -  - 
 X  X  -  X  -  -  X  -  -  X  -  -  X  -  X  X 
 -  -  -  -  X  -  X  -  -  X  -  X  -  -  -  - 
 -  -  -  -  -  -  -  -  -  -  -  -  -  -  -  - 
 -  -  -  -  -  -  -  -  -  -  -  -  -  -  -  - 
 -  -  -  -  -  -  -  -  -  -  -  -  -  -  -  - 
Generation:30
 -  -  -  -  -  -  -  -  -  -  -  -  -  -  -  - 
 -  -  -  -  -  -  -  -  -  -  -  -  -  -  -  - 
 -  -  -  -  -  -  -  -  -  -  -  -  -  -  -  - 
 -  -  -  -  -  X  -  -  -  -  X  -  -  -  -  - 
 -  -  -  X  X  -  X  X  X  X  -  X  X  -  -  - 
 -  -  -  -  -  X  -  -  -  -  X  -  -  -  -  - 
 -  -  -  -  -  -  -  -  -  -  -  -  -  -  -  - 
 -  -  -  -  -  -  -  -  -  -  -  -  -  -  -  - 
 -  -  -  -  -  -  -  -  -  -  -  -  -  -  -  - 
Generation:31
 -  -  -  -  -  -  -  -  -  -  -  -  -  -  -  - 
 -  -  -  -  -  -  -  -  -  -  -  -  -  -  -  - 
 -  -  -  -  -  -  -  -  -  -  -  -  -  -  -  - 
 -  -  -  -  X  X  X  X  X  X  X  X  -  -  -  - 
 -  -  -  -  X  -  X  X  X  X  -  X  -  -  -  - 
 -  -  -  -  X  X  X  X  X  X  X  X  -  -  -  - 
 -  -  -  -  -  -  -  -  -  -  -  -  -  -  -  - 
 -  -  -  -  -  -  -  -  -  -  -  -  -  -  -  - 
 -  -  -  -  -  -  -  -  -  -  -  -  -  -  -  - 
Generation:32
 -  -  -  -  -  -  -  -  -  -  -  -  -  -  -  - 
 -  -  -  -  -  -  -  -  -  -  -  -  -  -  -  - 
 -  -  -  -  -  X  X  X  X  X  X  -  -  -  -  - 
 -  -  -  -  X  -  -  -  -  -  -  X  -  -  -  - 
 -  -  -  X  -  -  -  -  -  -  -  -  X  -  -  - 
 -  -  -  -  X  -  -  -  -  -  -  X  -  -  -  - 
 -  -  -  -  -  X  X  X  X  X  X  -  -  -  -  - 
 -  -  -  -  -  -  -  -  -  -  -  -  -  -  -  - 
 -  -  -  -  -  -  -  -  -  -  -  -  -  -  -  - 
Generation:33
 -  -  -  -  -  -  -  -  -  -  -  -  -  -  -  - 
 -  -  -  -  -  -  X  X  X  X  -  -  -  -  -  - 
 -  -  -  -  -  X  X  X  X  X  X  -  -  -  -  - 
 -  -  -  -  X  X  X  X  X  X  X  X  -  -  -  - 
 -  -  -  X  X  -  -  -  -  -  -  X  X  -  -  - 
 -  -  -  -  X  X  X  X  X  X  X  X  -  -  -  - 
 -  -  -  -  -  X  X  X  X  X  X  -  -  -  -  - 
 -  -  -  -  -  -  X  X  X  X  -  -  -  -  -  - 
 -  -  -  -  -  -  -  -  -  -  -  -  -  -  -  - 
Generation:34
 -  -  -  -  -  -  -  X  X  -  -  -  -  -  -  - 
 -  -  -  -  -  X  -  -  -  -  X  -  -  -  -  - 
 -  -  -  -  X  -  -  -  -  -  -  X  -  -  -  - 
 -  -  -  X  -  -  -  -  -  -  -  -  X  -  -  - 
 -  -  -  X  -  -  -  -  -  -  -  -  X  -  -  - 
 -  -  -  X  -  -  -  -  -  -  -  -  X  -  -  - 
 -  -  -  -  X  -  -  -  -  -  -  X  -  -  -  - 
 -  -  -  -  -  X  -  -  -  -  X  -  -  -  -  - 
 -  -  -  -  -  -  -  X  X  -  -  -  -  -  -  - 
Generation:35
 -  -  -  -  -  -  -  -  -  -  -  -  -  -  -  - 
 -  -  -  -  -  -  -  -  -  -  -  -  -  -  -  - 
 -  -  -  -  X  -  -  -  -  -  -  X  -  -  -  - 
 -  -  -  X  X  -  -  -  -  -  -  X  X  -  -  - 
 -  -  X  X  X  -  -  -  -  -  -  X  X  X  -  - 
 -  -  -  X  X  -  -  -  -  -  -  X  X  -  -  - 
 -  -  -  -  X  -  -  -  -  -  -  X  -  -  -  - 
 -  -  -  -  -  -  -  -  -  -  -  -  -  -  -  - 
 -  -  -  -  -  -  -  -  -  -  -  -  -  -  -  - 
Generation:36
 -  -  -  -  -  -  -  -  -  -  -  -  -  -  -  - 
 -  -  -  -  -  -  -  -  -  -  -  -  -  -  -  - 
 -  -  -  X  X  -  -  -  -  -  -  X  X  -  -  - 
 -  -  X  -  -  X  -  -  -  -  X  -  -  X  -  - 
 -  -  X  -  -  X  -  -  -  -  X  -  -  X  -  - 
 -  -  X  -  -  X  -  -  -  -  X  -  -  X  -  - 
 -  -  -  X  X  -  -  -  -  -  -  X  X  -  -  - 
 -  -  -  -  -  -  -  -  -  -  -  -  -  -  -  - 
 -  -  -  -  -  -  -  -  -  -  -  -  -  -  -  - 
Generation:37
 -  -  -  -  -  -  -  -  -  -  -  -  -  -  -  - 
 -  -  -  -  -  -  -  -  -  -  -  -  -  -  -  - 
 -  -  -  X  X  -  -  -  -  -  -  X  X  -  -  - 
 -  -  X  -  -  X  -  -  -  -  X  -  -  X  -  - 
 -  X  X  X  X  X  X  -  -  X  X  X  X  X  X  - 
 -  -  X  -  -  X  -  -  -  -  X  -  -  X  -  - 
 -  -  -  X  X  -  -  -  -  -  -  X  X  -  -  - 
 -  -  -  -  -  -  -  -  -  -  -  -  -  -  -  - 
 -  -  -  -  -  -  -  -  -  -  -  -  -  -  -  - 
Generation:38
 -  -  -  -  -  -  -  -  -  -  -  -  -  -  -  - 
 -  -  -  -  -  -  -  -  -  -  -  -  -  -  -  - 
 -  -  -  X  X  -  -  -  -  -  -  X  X  -  -  - 
 -  X  -  -  -  -  X  -  -  X  -  -  -  -  X  - 
 -  X  -  -  -  -  X  -  -  X  -  -  -  -  X  - 
 -  X  -  -  -  -  X  -  -  X  -  -  -  -  X  - 
 -  -  -  X  X  -  -  -  -  -  -  X  X  -  -  - 
 -  -  -  -  -  -  -  -  -  -  -  -  -  -  -  - 
 -  -  -  -  -  -  -  -  -  -  -  -  -  -  -  - 
Generation:39
 -  -  -  -  -  -  -  -  -  -  -  -  -  -  -  - 
 -  -  -  -  -  -  -  -  -  -  -  -  -  -  -  - 
 -  -  -  -  -  -  -  -  -  -  -  -  -  -  -  - 
 -  -  X  -  -  X  -  -  -  -  X  -  -  X  -  - 
 X  X  X  -  -  X  X  X  X  X  X  -  -  X  X  X 
 -  -  X  -  -  X  -  -  -  -  X  -  -  X  -  - 
 -  -  -  -  -  -  -  -  -  -  -  -  -  -  -  - 
 -  -  -  -  -  -  -  -  -  -  -  -  -  -  -  - 
 -  -  -  -  -  -  -  -  -  -  -  -  -  -  -  - 
Generation:40
 -  -  -  -  -  -  -  -  -  -  -  -  -  -  -  - 
 -  -  -  -  -  -  -  -  -  -  -  -  -  -  -  - 
 -  -  -  -  -  -  -  -  -  -  -  -  -  -  -  - 
 -  -  X  -  -  X  -  X  X  -  X  -  -  X  -  - 
 -  -  X  X  X  X  -  X  X  -  X  X  X  X  -  - 
 -  -  X  -  -  X  -  X  X  -  X  -  -  X  -  - 
 -  -  -  -  -  -  -  -  -  -  -  -  -  -  -  - 
 -  -  -  -  -  -  -  -  -  -  -  -  -  -  -  - 
 -  -  -  -  -  -  -  -  -  -  -  -  -  -  -  - 
Generation:41
 -  -  -  -  -  -  -  -  -  -  -  -  -  -  -  - 
 -  -  -  -  -  -  -  -  -  -  -  -  -  -  -  - 
 -  -  -  -  -  -  -  -  -  -  -  -  -  -  -  - 
 -  -  X  -  -  X  -  X  X  -  X  -  -  X  -  - 
 -  X  X  -  -  X  -  -  -  -  X  -  -  X  X  - 
 -  -  X  -  -  X  -  X  X  -  X  -  -  X  -  - 
 -  -  -  -  -  -  -  -  -  -  -  -  -  -  -  - 
 -  -  -  -  -  -  -  -  -  -  -  -  -  -  -  - 
 -  -  -  -  -  -  -  -  -  -  -  -  -  -  -  - 
Generation:42
 -  -  -  -  -  -  -  -  -  -  -  -  -  -  -  - 
 -  -  -  -  -  -  -  -  -  -  -  -  -  -  -  - 
 -  -  -  -  -  -  -  -  -  -  -  -  -  -  -  - 
 -  X  X  -  -  -  X  -  -  X  -  -  -  X  X  - 
 -  X  X  X  X  X  -  -  -  -  X  X  X  X  X  - 
 -  X  X  -  -  -  X  -  -  X  -  -  -  X  X  - 
 -  -  -  -  -  -  -  -  -  -  -  -  -  -  -  - 
 -  -  -  -  -  -  -  -  -  -  -  -  -  -  -  - 
 -  -  -  -  -  -  -  -  -  -  -  -  -  -  -  - 
Generation:43
 -  -  -  -  -  -  -  -  -  -  -  -  -  -  -  - 
 -  -  -  -  -  -  -  -  -  -  -  -  -  -  -  - 
 -  -  -  -  -  -  -  -  -  -  -  -  -  -  -  - 
 -  X  -  -  X  X  -  -  -  -  X  X  -  -  X  - 
 X  -  -  -  X  X  X  -  -  X  X  X  -  -  -  X 
 -  X  -  -  X  X  -  -  -  -  X  X  -  -  X  - 
 -  -  -  -  -  -  -  -  -  -  -  -  -  -  -  - 
 -  -  -  -  -  -  -  -  -  -  -  -  -  -  -  - 
 -  -  -  -  -  -  -  -  -  -  -  -  -  -  -  - 
Generation:44
 -  -  -  -  -  -  -  -  -  -  -  -  -  -  -  - 
 -  -  -  -  -  -  -  -  -  -  -  -  -  -  -  - 
 -  -  -  -  -  -  -  -  -  -  -  -  -  -  -  - 
 -  -  -  -  X  -  X  -  -  X  -  X  -  -  -  - 
 X  X  -  X  -  -  X  -  -  X  -  -  X  -  X  X 
 -  -  -  -  X  -  X  -  -  X  -  X  -  -  -  - 
 -  -  -  -  -  -  -  -  -  -  -  -  -  -  -  - 
 -  -  -  -  -  -  -  -  -  -  -  -  -  -  -  - 
 -  -  -  -  -  -  -  -  -  -  -  -  -  -  -  - 
Generation:45
 -  -  -  -  -  -  -  -  -  -  -  -  -  -  -  - 
 -  -  -  -  -  -  -  -  -  -  -  -  -  -  -  - 
 -  -  -  -  -  -  -  -  -  -  -  -  -  -  -  - 
 -  -  -  -  -  X  -  -  -  -  X  -  -  -  -  - 
 -  -  -  X  X  -  X  X  X  X  -  X  X  -  -  - 
 -  -  -  -  -  X  -  -  -  -  X  -  -  -  -  - 
 -  -  -  -  -  -  -  -  -  -  -  -  -  -  -  - 
 -  -  -  -  -  -  -  -  -  -  -  -  -  -  -  - 
 -  -  -  -  -  -  -  -  -  -  -  -  -  -  -  - 
Generation:46
 -  -  -  -  -  -  -  -  -  -  -  -  -  -  -  - 
 -  -  -  -  -  -  -  -  -  -  -  -  -  -  -  - 
 -  -  -  -  -  -  -  -  -  -  -  -  -  -  -  - 
 -  -  -  -  X  X  X  X  X  X  X  X  -  -  -  - 
 -  -  -  -  X  -  X  X  X  X  -  X  -  -  -  - 
 -  -  -  -  X  X  X  X  X  X  X  X  -  -  -  - 
 -  -  -  -  -  -  -  -  -  -  -  -  -  -  -  - 
 -  -  -  -  -  -  -  -  -  -  -  -  -  -  -  - 
 -  -  -  -  -  -  -  -  -  -  -  -  -  -  -  - 
Generation:47
 -  -  -  -  -  -  -  -  -  -  -  -  -  -  -  - 
 -  -  -  -  -  -  -  -  -  -  -  -  -  -  -  - 
 -  -  -  -  -  X  X  X  X  X  X  -  -  -  -  - 
 -  -  -  -  X  -  -  -  -  -  -  X  -  -  -  - 
 -  -  -  X  -  -  -  -  -  -  -  -  X  -  -  - 
 -  -  -  -  X  -  -  -  -  -  -  X  -  -  -  - 
 -  -  -  -  -  X  X  X  X  X  X  -  -  -  -  - 
 -  -  -  -  -  -  -  -  -  -  -  -  -  -  -  - 
 -  -  -  -  -  -  -  -  -  -  -  -  -  -  -  - 
Generation:48
 -  -  -  -  -  -  -  -  -  -  -  -  -  -  -  - 
 -  -  -  -  -  -  X  X  X  X  -  -  -  -  -  - 
 -  -  -  -  -  X  X  X  X  X  X  -  -  -  -  - 
 -  -  -  -  X  X  X  X  X  X  X  X  -  -  -  - 
 -  -  -  X  X  -  -  -  -  -  -  X  X  -  -  - 
 -  -  -  -  X  X  X  X  X  X  X  X  -  -  -  - 
 -  -  -  -  -  X  X  X  X  X  X  -  -  -  -  - 
 -  -  -  -  -  -  X  X  X  X  -  -  -  -  -  - 
 -  -  -  -  -  -  -  -  -  -  -  -  -  -  -  - 
Generation:49
 -  -  -  -  -  -  -  X  X  -  -  -  -  -  -  - 
 -  -  -  -  -  X  -  -  -  -  X  -  -  -  -  - 
 -  -  -  -  X  -  -  -  -  -  -  X  -  -  -  - 
 -  -  -  X  -  -  -  -  -  -  -  -  X  -  -  - 
 -  -  -  X  -  -  -  -  -  -  -  -  X  -  -  - 
 -  -  -  X  -  -  -  -  -  -  -  -  X  -  -  - 
 -  -  -  -  X  -  -  -  -  -  -  X  -  -  -  - 
 -  -  -  -  -  X  -  -  -  -  X  -  -  -  -  - 
 -  -  -  -  -  -  -  X  X  -  -  -  -  -  -  - 
Generation:50
 -  -  -  -  -  -  -  -  -  -  -  -  -  -  -  - 
 -  -  -  -  -  -  -  -  -  -  -  -  -  -  -  - 
 -  -  -  -  X  -  -  -  -  -  -  X  -  -  -  - 
 -  -  -  X  X  -  -  -  -  -  -  X  X  -  -  - 
 -  -  X  X  X  -  -  -  -  -  -  X  X  X  -  - 
 -  -  -  X  X  -  -  -  -  -  -  X  X  -  -  - 
 -  -  -  -  X  -  -  -  -  -  -  X  -  -  -  - 
 -  -  -  -  -  -  -  -  -  -  -  -  -  -  -  - 
 -  -  -  -  -  -  -  -  -  -  -  -  -  -  -  -</StdOut>
      </Output>
    </UnitTestResult>
    <UnitTestResult executionId="d2fcf3b4-5d17-4b1d-a739-06468f168f08" testId="a6524bdf-0d49-4b2e-0924-c4cda9472426" testName="MaxGenerationTest" computerName="HK-DELL-64" duration="00:00:00.0003434" startTime="2012-08-26T20:58:51.7674124+05:30" endTime="2012-08-26T20:58:51.7714126+05:30" testType="13cdc9d9-ddb5-4fa4-a97d-d965ccfc6d4b" outcome="Passed" testListId="8c84fa94-04c1-424b-9868-57a2d4851a1d" relativeResultsDirectory="d2fcf3b4-5d17-4b1d-a739-06468f168f08">
    </UnitTestResult>
    <UnitTestResult executionId="0aad8152-783c-4a25-b6ef-d20ac85b623a" testId="73feb6ec-cd3f-7cc0-dc6e-d629b754bb52" testName="InitialDefaultValueTest" computerName="HK-DELL-64" duration="00:00:00.0008119" startTime="2012-08-26T20:58:51.7734127+05:30" endTime="2012-08-26T20:58:51.7784130+05:30" testType="13cdc9d9-ddb5-4fa4-a97d-d965ccfc6d4b" outcome="Passed" testListId="8c84fa94-04c1-424b-9868-57a2d4851a1d" relativeResultsDirectory="0aad8152-783c-4a25-b6ef-d20ac85b623a">
      <Output>
        <StdOut>-  - 
 -  - 
Generation:1
 -  - 
 -  -</StdOut>
      </Output>
    </UnitTestResult>
    <UnitTestResult executionId="033ee67d-6f5a-4594-ba20-33011e4dfe53" testId="a407f6d9-60d8-7924-dbf2-f40c7b95082f" testName="GridConstructorPositiveTest" computerName="HK-DELL-64" duration="00:00:00.0003553" startTime="2012-08-26T20:58:51.7814132+05:30" endTime="2012-08-26T20:58:51.7844134+05:30" testType="13cdc9d9-ddb5-4fa4-a97d-d965ccfc6d4b" outcome="Passed" testListId="8c84fa94-04c1-424b-9868-57a2d4851a1d" relativeResultsDirectory="033ee67d-6f5a-4594-ba20-33011e4dfe53">
    </UnitTestResult>
    <UnitTestResult executionId="c44fb422-2560-4c09-9bbf-8cfe37e332c0" testId="4e03fe62-f08b-34c8-fae1-2669792ee28a" testName="GridConstructorExceptionTest1" computerName="HK-DELL-64" duration="00:00:00.0005010" startTime="2012-08-26T20:58:51.7874135+05:30" endTime="2012-08-26T20:58:51.7914138+05:30" testType="13cdc9d9-ddb5-4fa4-a97d-d965ccfc6d4b" outcome="Passed" testListId="8c84fa94-04c1-424b-9868-57a2d4851a1d" relativeResultsDirectory="c44fb422-2560-4c09-9bbf-8cfe37e332c0">
    </UnitTestResult>
    <UnitTestResult executionId="c99349da-7643-4c11-9b0c-fe9251fbd612" testId="b40e61ae-49bf-f0a7-027f-bd40ca0d3e7f" testName="giveInvalidRow_shouldRaiseException" computerName="HK-DELL-64" duration="00:00:00.0004802" startTime="2012-08-26T20:58:51.7944139+05:30" endTime="2012-08-26T20:58:51.7984142+05:30" testType="13cdc9d9-ddb5-4fa4-a97d-d965ccfc6d4b" outcome="Passed" testListId="8c84fa94-04c1-424b-9868-57a2d4851a1d" relativeResultsDirectory="c99349da-7643-4c11-9b0c-fe9251fbd612">
    </UnitTestResult>
    <UnitTestResult executionId="0987ac10-9df4-42a6-ae18-16b933b03cbd" testId="d227659d-ffbd-5ae7-e3ba-3608ce7c82ff" testName="giveInvalidColumn_shouldRaiseException" computerName="HK-DELL-64" duration="00:00:00.0004856" startTime="2012-08-26T20:58:51.8014143+05:30" endTime="2012-08-26T20:58:51.8044145+05:30" testType="13cdc9d9-ddb5-4fa4-a97d-d965ccfc6d4b" outcome="Passed" testListId="8c84fa94-04c1-424b-9868-57a2d4851a1d" relativeResultsDirectory="0987ac10-9df4-42a6-ae18-16b933b03cbd">
    </UnitTestResult>
    <UnitTestResult executionId="4b7221ba-57d0-4b7b-8770-db2bbf40bf4b" testId="be260dab-1393-3e1f-3d71-4af3cf6036b4" testName="AddCellTest" computerName="HK-DELL-64" duration="00:00:00.0005430" startTime="2012-08-26T20:58:51.8074147+05:30" endTime="2012-08-26T20:58:51.8104149+05:30" testType="13cdc9d9-ddb5-4fa4-a97d-d965ccfc6d4b" outcome="Passed" testListId="8c84fa94-04c1-424b-9868-57a2d4851a1d" relativeResultsDirectory="4b7221ba-57d0-4b7b-8770-db2bbf40bf4b">
    </UnitTestResult>
    <UnitTestResult executionId="7b2c712d-a297-484b-906e-052e997e809f" testId="23b4ede8-8a06-3516-c35c-77f327f1726f" testName="InsertCellTest" computerName="HK-DELL-64" duration="00:00:00.0004779" startTime="2012-08-26T20:58:51.8144151+05:30" endTime="2012-08-26T20:58:51.8184153+05:30" testType="13cdc9d9-ddb5-4fa4-a97d-d965ccfc6d4b" outcome="Passed" testListId="8c84fa94-04c1-424b-9868-57a2d4851a1d" relativeResultsDirectory="7b2c712d-a297-484b-906e-052e997e809f">
    </UnitTestResult>
    <UnitTestResult executionId="b3c1f577-51f6-4be6-bc95-7f82c5ae3157" testId="d611ca36-52f8-2f5f-2b40-bea4e43bae75" testName="CellsTest" computerName="HK-DELL-64" duration="00:00:00.0003588" startTime="2012-08-26T20:58:51.8204154+05:30" endTime="2012-08-26T20:58:51.8244157+05:30" testType="13cdc9d9-ddb5-4fa4-a97d-d965ccfc6d4b" outcome="Passed" testListId="8c84fa94-04c1-424b-9868-57a2d4851a1d" relativeResultsDirectory="b3c1f577-51f6-4be6-bc95-7f82c5ae3157">
    </UnitTestResult>
    <UnitTestResult executionId="42f1d4d0-b2d1-4fb9-9c60-66482adbc9d5" testId="59b7587f-17bd-8552-2bcb-304da63770da" testName="ItemTest" computerName="HK-DELL-64" duration="00:00:00.0003008" startTime="2012-08-26T20:58:51.8274158+05:30" endTime="2012-08-26T20:58:51.8304160+05:30" testType="13cdc9d9-ddb5-4fa4-a97d-d965ccfc6d4b" outcome="Passed" testListId="8c84fa94-04c1-424b-9868-57a2d4851a1d" relativeResultsDirectory="42f1d4d0-b2d1-4fb9-9c60-66482adbc9d5">
    </UnitTestResult>
  </Results>
</TestRun>